#
# There is insufficient memory for the Java Runtime Environment to continue.
# Native memory allocation (malloc) failed to allocate 1591376 bytes for Chunk::new
# Possible reasons:
#   The system is out of physical RAM or swap space
#   The process is running with CompressedOops enabled, and the Java Heap may be blocking the growth of the native heap
# Possible solutions:
#   Reduce memory load on the system
#   Increase physical memory or swap space
#   Check if swap backing store is full
#   Decrease Java heap size (-Xmx/-Xms)
#   Decrease number of Java threads
#   Decrease Java thread stack sizes (-Xss)
#   Set larger code cache with -XX:ReservedCodeCacheSize=
#   JVM is running with Zero Based Compressed Oops mode in which the Java heap is
#     placed in the first 32GB address space. The Java Heap base address is the
#     maximum limit for the native heap growth. Please use -XX:HeapBaseMinAddress
#     to set the Java Heap base and to place the Java Heap above 32GB virtual address.
# This output file may be truncated or incomplete.
#
#  Out of Memory Error (./src/hotspot/share/memory/arena.cpp:195), pid=35336, tid=22852
#
# JRE version: OpenJDK Runtime Environment Zulu15.40+19-CA (15.0.7+4) (build 15.0.7+4-MTS)
# Java VM: OpenJDK 64-Bit Server VM Zulu15.40+19-CA (15.0.7+4-MTS, mixed mode, sharing, tiered, compressed oops, g1 gc, windows-amd64)
# Core dump will be written. Default location: C:\Users\team9\IdeaProjects\Spot_On_Automation_Framework\WEB_UI_Module\hs_err_pid35336.mdmp
#

---------------  S U M M A R Y ------------

Command Line: -ea -Dtestng.dtd.http=true -DBASE_URI=https://api.spotify.com -DACCOUNT_BASE_URI=https://accounts.spotify.com -Didea.test.cyclic.buffer.size=1048576 -javaagent:C:\Program Files\JetBrains\IntelliJ IDEA Community Edition 2021.3\lib\idea_rt.jar=57217:C:\Program Files\JetBrains\IntelliJ IDEA Community Edition 2021.3\bin -Dfile.encoding=UTF-8 com.intellij.rt.testng.RemoteTestNGStarter -usedefaultlisteners false -socket57216 @w@C:\Users\team9\AppData\Local\Temp\11\idea_working_dirs_testng.tmp -temp C:\Users\team9\AppData\Local\Temp\11\idea_testng.tmp

Host: Intel(R) Xeon(R) Platinum 8171M CPU @ 2.60GHz, 4 cores, 15G,  Windows Server 2019 , 64 bit Build 17763 (10.0.17763.2928)
Time: Mon Jun  6 18:06:40 2022 Coordinated Universal Time elapsed time: 4.710866 seconds (0d 0h 0m 4s)

---------------  T H R E A D  ---------------

Current thread (0x000001acafc45440):  JavaThread "C2 CompilerThread0" daemon [_thread_in_native, id=22852, stack(0x000000756ba00000,0x000000756bb00000)]


Current CompileTask:
C2:   4711 1684       4       jdk.internal.org.objectweb.asm.Frame::execute (2305 bytes)

Stack: [0x000000756ba00000,0x000000756bb00000]
Native frames: (J=compiled Java code, j=interpreted, Vv=VM code, C=native code)
V  [jvm.dll+0x60020a]
V  [jvm.dll+0x79fc29]
V  [jvm.dll+0x7a1383]
V  [jvm.dll+0x7a19d3]
V  [jvm.dll+0x1fc678]
V  [jvm.dll+0x996ca]
V  [jvm.dll+0x99dbc]
V  [jvm.dll+0x310a38]
V  [jvm.dll+0x2d9ed8]
V  [jvm.dll+0x2d923a]
V  [jvm.dll+0x1d22b9]
V  [jvm.dll+0x1d16f8]
V  [jvm.dll+0x1646b7]
V  [jvm.dll+0x1e05d4]
V  [jvm.dll+0x1de71b]
V  [jvm.dll+0x7647ad]
V  [jvm.dll+0x75d6aa]
V  [jvm.dll+0x5fefb6]
C  [ucrtbase.dll+0x2268a]
C  [KERNEL32.DLL+0x17974]
C  [ntdll.dll+0x5a2f1]


---------------  P R O C E S S  ---------------

Threads class SMR info:
_java_thread_list=0x000001acb0c01ba0, length=13, elements={
0x000001ac8a1a22a0, 0x000001acaf3284f0, 0x000001acaf329b90, 0x000001acafc3f8f0,
0x000001acafc421c0, 0x000001acafc43740, 0x000001acafc45440, 0x000001acafc48ac0,
0x000001acafc4d580, 0x000001acaf307f20, 0x000001acafd90140, 0x000001acafdac000,
0x000001acb0c015b0
}

Java Threads: ( => current thread )
  0x000001ac8a1a22a0 JavaThread "main" [_thread_in_vm, id=10144, stack(0x000000756ae00000,0x000000756af00000)]
  0x000001acaf3284f0 JavaThread "Reference Handler" daemon [_thread_blocked, id=8184, stack(0x000000756b500000,0x000000756b600000)]
  0x000001acaf329b90 JavaThread "Finalizer" daemon [_thread_blocked, id=24208, stack(0x000000756b600000,0x000000756b700000)]
  0x000001acafc3f8f0 JavaThread "Signal Dispatcher" daemon [_thread_blocked, id=18372, stack(0x000000756b700000,0x000000756b800000)]
  0x000001acafc421c0 JavaThread "Attach Listener" daemon [_thread_blocked, id=12036, stack(0x000000756b800000,0x000000756b900000)]
  0x000001acafc43740 JavaThread "Service Thread" daemon [_thread_blocked, id=5496, stack(0x000000756b900000,0x000000756ba00000)]
=>0x000001acafc45440 JavaThread "C2 CompilerThread0" daemon [_thread_in_native, id=22852, stack(0x000000756ba00000,0x000000756bb00000)]
  0x000001acafc48ac0 JavaThread "C1 CompilerThread0" daemon [_thread_blocked, id=7268, stack(0x000000756bb00000,0x000000756bc00000)]
  0x000001acafc4d580 JavaThread "Sweeper thread" daemon [_thread_blocked, id=36084, stack(0x000000756bc00000,0x000000756bd00000)]
  0x000001acaf307f20 JavaThread "Common-Cleaner" daemon [_thread_blocked, id=20684, stack(0x000000756bd00000,0x000000756be00000)]
  0x000001acafd90140 JavaThread "Monitor Ctrl-Break" daemon [_thread_in_native, id=21976, stack(0x000000756be00000,0x000000756bf00000)]
  0x000001acafdac000 JavaThread "Notification Thread" daemon [_thread_blocked, id=15512, stack(0x000000756bf00000,0x000000756c000000)]
  0x000001acb0c015b0 JavaThread "C2 CompilerThread1" daemon [_thread_blocked, id=35724, stack(0x000000756c100000,0x000000756c200000)]

Other Threads:
  0x000001acaf320d70 VMThread "VM Thread" [stack: 0x000000756b400000,0x000000756b500000] [id=27816]
  0x000001acafd90610 WatcherThread [stack: 0x000000756c000000,0x000000756c100000] [id=22712]
  0x000001ac8a15e850 GCTaskThread "GC Thread#0" [stack: 0x000000756af00000,0x000000756b000000] [id=19384]
  0x000001acb0422340 GCTaskThread "GC Thread#1" [stack: 0x000000756c200000,0x000000756c300000] [id=30968]
  0x000001acb0421ce0 GCTaskThread "GC Thread#2" [stack: 0x000000756c300000,0x000000756c400000] [id=15508]
  0x000001acb0422010 GCTaskThread "GC Thread#3" [stack: 0x000000756c400000,0x000000756c500000] [id=22104]
  0x000001ac8a200290 ConcurrentGCThread "G1 Main Marker" [stack: 0x000000756b000000,0x000000756b100000] [id=16280]
  0x000001ac8a202a00 ConcurrentGCThread "G1 Conc#0" [stack: 0x000000756b100000,0x000000756b200000] [id=7552]
  0x000001ac8a25eb00 ConcurrentGCThread "G1 Refine#0" [stack: 0x000000756b200000,0x000000756b300000] [id=14316]
  0x000001acaf198ba0 ConcurrentGCThread "G1 Young RemSet Sampling" [stack: 0x000000756b300000,0x000000756b400000] [id=21344]

Threads with active compile tasks:
C2 CompilerThread0     4749 1684       4       jdk.internal.org.objectweb.asm.Frame::execute (2305 bytes)

VM state: not at safepoint (normal execution)

VM Mutex/Monitor currently owned by a thread: None

Heap address: 0x0000000700000000, size: 4096 MB, Compressed Oops mode: Zero based, Oop shift amount: 3
CDS archive(s) mapped at: [0x0000000800000000-0x0000000800b70000-0x0000000800b70000), size 11993088, SharedBaseAddress: 0x0000000800000000, ArchiveRelocationMode: 0.
Compressed class space mapped at: 0x0000000800b70000-0x0000000840b70000, size: 1073741824
Narrow klass base: 0x0000000800000000, Narrow klass shift: 3, Narrow klass range: 0x100000000

GC Precious Log:
 CPUs: 4 total, 4 available
 Memory: 16383M
 Large Page Support: Disabled
 NUMA Support: Disabled
 Compressed Oops: Enabled (Zero based)
 Heap Region Size: 2M
 Heap Min Capacity: 8M
 Heap Initial Capacity: 256M
 Heap Max Capacity: 4G
 Pre-touch: Disabled
 Parallel Workers: 4
 Concurrent Workers: 1
 Concurrent Refinement Workers: 4
 Periodic GC: Disabled

Heap:
 garbage-first heap   total 262144K, used 24828K [0x0000000700000000, 0x0000000800000000)
  region size 2048K, 10 young (20480K), 2 survivors (4096K)
 Metaspace       used 16272K, capacity 16533K, committed 16768K, reserved 1064960K
  class space    used 1795K, capacity 1891K, committed 1920K, reserved 1048576K

Heap Regions: E=young(eden), S=young(survivor), O=old, HS=humongous(starts), HC=humongous(continues), CS=collection set, F=free, OA=open archive, CA=closed archive, TAMS=top-at-mark-start (previous, next)
|   0|0x0000000700000000, 0x0000000700200000, 0x0000000700200000|100%| O|  |TAMS 0x0000000700000000, 0x0000000700000000| Untracked 
|   1|0x0000000700200000, 0x0000000700400000, 0x0000000700400000|100%| O|  |TAMS 0x0000000700200000, 0x0000000700200000| Untracked 
|   2|0x0000000700400000, 0x0000000700600000, 0x0000000700600000|100%| O|  |TAMS 0x0000000700400000, 0x0000000700400000| Untracked 
|   3|0x0000000700600000, 0x0000000700772200, 0x0000000700800000| 72%| O|  |TAMS 0x0000000700600000, 0x0000000700600000| Untracked 
|   4|0x0000000700800000, 0x0000000700800000, 0x0000000700a00000|  0%| F|  |TAMS 0x0000000700800000, 0x0000000700800000| Untracked 
|   5|0x0000000700a00000, 0x0000000700a00000, 0x0000000700c00000|  0%| F|  |TAMS 0x0000000700a00000, 0x0000000700a00000| Untracked 
|   6|0x0000000700c00000, 0x0000000700c00000, 0x0000000700e00000|  0%| F|  |TAMS 0x0000000700c00000, 0x0000000700c00000| Untracked 
|   7|0x0000000700e00000, 0x0000000700e00000, 0x0000000701000000|  0%| F|  |TAMS 0x0000000700e00000, 0x0000000700e00000| Untracked 
|   8|0x0000000701000000, 0x0000000701000000, 0x0000000701200000|  0%| F|  |TAMS 0x0000000701000000, 0x0000000701000000| Untracked 
|   9|0x0000000701200000, 0x0000000701200000, 0x0000000701400000|  0%| F|  |TAMS 0x0000000701200000, 0x0000000701200000| Untracked 
|  10|0x0000000701400000, 0x0000000701400000, 0x0000000701600000|  0%| F|  |TAMS 0x0000000701400000, 0x0000000701400000| Untracked 
|  11|0x0000000701600000, 0x0000000701600000, 0x0000000701800000|  0%| F|  |TAMS 0x0000000701600000, 0x0000000701600000| Untracked 
|  12|0x0000000701800000, 0x0000000701800000, 0x0000000701a00000|  0%| F|  |TAMS 0x0000000701800000, 0x0000000701800000| Untracked 
|  13|0x0000000701a00000, 0x0000000701a00000, 0x0000000701c00000|  0%| F|  |TAMS 0x0000000701a00000, 0x0000000701a00000| Untracked 
|  14|0x0000000701c00000, 0x0000000701c00000, 0x0000000701e00000|  0%| F|  |TAMS 0x0000000701c00000, 0x0000000701c00000| Untracked 
|  15|0x0000000701e00000, 0x0000000701e00000, 0x0000000702000000|  0%| F|  |TAMS 0x0000000701e00000, 0x0000000701e00000| Untracked 
|  16|0x0000000702000000, 0x0000000702000000, 0x0000000702200000|  0%| F|  |TAMS 0x0000000702000000, 0x0000000702000000| Untracked 
|  17|0x0000000702200000, 0x0000000702200000, 0x0000000702400000|  0%| F|  |TAMS 0x0000000702200000, 0x0000000702200000| Untracked 
|  18|0x0000000702400000, 0x0000000702400000, 0x0000000702600000|  0%| F|  |TAMS 0x0000000702400000, 0x0000000702400000| Untracked 
|  19|0x0000000702600000, 0x0000000702600000, 0x0000000702800000|  0%| F|  |TAMS 0x0000000702600000, 0x0000000702600000| Untracked 
|  20|0x0000000702800000, 0x0000000702800000, 0x0000000702a00000|  0%| F|  |TAMS 0x0000000702800000, 0x0000000702800000| Untracked 
|  21|0x0000000702a00000, 0x0000000702a00000, 0x0000000702c00000|  0%| F|  |TAMS 0x0000000702a00000, 0x0000000702a00000| Untracked 
|  22|0x0000000702c00000, 0x0000000702c00000, 0x0000000702e00000|  0%| F|  |TAMS 0x0000000702c00000, 0x0000000702c00000| Untracked 
|  23|0x0000000702e00000, 0x0000000702e00000, 0x0000000703000000|  0%| F|  |TAMS 0x0000000702e00000, 0x0000000702e00000| Untracked 
|  24|0x0000000703000000, 0x0000000703000000, 0x0000000703200000|  0%| F|  |TAMS 0x0000000703000000, 0x0000000703000000| Untracked 
|  25|0x0000000703200000, 0x0000000703200000, 0x0000000703400000|  0%| F|  |TAMS 0x0000000703200000, 0x0000000703200000| Untracked 
|  26|0x0000000703400000, 0x0000000703400000, 0x0000000703600000|  0%| F|  |TAMS 0x0000000703400000, 0x0000000703400000| Untracked 
|  27|0x0000000703600000, 0x0000000703600000, 0x0000000703800000|  0%| F|  |TAMS 0x0000000703600000, 0x0000000703600000| Untracked 
|  28|0x0000000703800000, 0x0000000703800000, 0x0000000703a00000|  0%| F|  |TAMS 0x0000000703800000, 0x0000000703800000| Untracked 
|  29|0x0000000703a00000, 0x0000000703a00000, 0x0000000703c00000|  0%| F|  |TAMS 0x0000000703a00000, 0x0000000703a00000| Untracked 
|  30|0x0000000703c00000, 0x0000000703c00000, 0x0000000703e00000|  0%| F|  |TAMS 0x0000000703c00000, 0x0000000703c00000| Untracked 
|  31|0x0000000703e00000, 0x0000000703e00000, 0x0000000704000000|  0%| F|  |TAMS 0x0000000703e00000, 0x0000000703e00000| Untracked 
|  32|0x0000000704000000, 0x0000000704000000, 0x0000000704200000|  0%| F|  |TAMS 0x0000000704000000, 0x0000000704000000| Untracked 
|  33|0x0000000704200000, 0x0000000704200000, 0x0000000704400000|  0%| F|  |TAMS 0x0000000704200000, 0x0000000704200000| Untracked 
|  34|0x0000000704400000, 0x0000000704400000, 0x0000000704600000|  0%| F|  |TAMS 0x0000000704400000, 0x0000000704400000| Untracked 
|  35|0x0000000704600000, 0x0000000704600000, 0x0000000704800000|  0%| F|  |TAMS 0x0000000704600000, 0x0000000704600000| Untracked 
|  36|0x0000000704800000, 0x0000000704800000, 0x0000000704a00000|  0%| F|  |TAMS 0x0000000704800000, 0x0000000704800000| Untracked 
|  37|0x0000000704a00000, 0x0000000704a00000, 0x0000000704c00000|  0%| F|  |TAMS 0x0000000704a00000, 0x0000000704a00000| Untracked 
|  38|0x0000000704c00000, 0x0000000704c00000, 0x0000000704e00000|  0%| F|  |TAMS 0x0000000704c00000, 0x0000000704c00000| Untracked 
|  39|0x0000000704e00000, 0x0000000704e00000, 0x0000000705000000|  0%| F|  |TAMS 0x0000000704e00000, 0x0000000704e00000| Untracked 
|  40|0x0000000705000000, 0x0000000705000000, 0x0000000705200000|  0%| F|  |TAMS 0x0000000705000000, 0x0000000705000000| Untracked 
|  41|0x0000000705200000, 0x0000000705200000, 0x0000000705400000|  0%| F|  |TAMS 0x0000000705200000, 0x0000000705200000| Untracked 
|  42|0x0000000705400000, 0x0000000705400000, 0x0000000705600000|  0%| F|  |TAMS 0x0000000705400000, 0x0000000705400000| Untracked 
|  43|0x0000000705600000, 0x0000000705600000, 0x0000000705800000|  0%| F|  |TAMS 0x0000000705600000, 0x0000000705600000| Untracked 
|  44|0x0000000705800000, 0x0000000705800000, 0x0000000705a00000|  0%| F|  |TAMS 0x0000000705800000, 0x0000000705800000| Untracked 
|  45|0x0000000705a00000, 0x0000000705a00000, 0x0000000705c00000|  0%| F|  |TAMS 0x0000000705a00000, 0x0000000705a00000| Untracked 
|  46|0x0000000705c00000, 0x0000000705c00000, 0x0000000705e00000|  0%| F|  |TAMS 0x0000000705c00000, 0x0000000705c00000| Untracked 
|  47|0x0000000705e00000, 0x0000000705e00000, 0x0000000706000000|  0%| F|  |TAMS 0x0000000705e00000, 0x0000000705e00000| Untracked 
|  48|0x0000000706000000, 0x0000000706000000, 0x0000000706200000|  0%| F|  |TAMS 0x0000000706000000, 0x0000000706000000| Untracked 
|  49|0x0000000706200000, 0x0000000706200000, 0x0000000706400000|  0%| F|  |TAMS 0x0000000706200000, 0x0000000706200000| Untracked 
|  50|0x0000000706400000, 0x0000000706400000, 0x0000000706600000|  0%| F|  |TAMS 0x0000000706400000, 0x0000000706400000| Untracked 
|  51|0x0000000706600000, 0x0000000706600000, 0x0000000706800000|  0%| F|  |TAMS 0x0000000706600000, 0x0000000706600000| Untracked 
|  52|0x0000000706800000, 0x0000000706800000, 0x0000000706a00000|  0%| F|  |TAMS 0x0000000706800000, 0x0000000706800000| Untracked 
|  53|0x0000000706a00000, 0x0000000706a00000, 0x0000000706c00000|  0%| F|  |TAMS 0x0000000706a00000, 0x0000000706a00000| Untracked 
|  54|0x0000000706c00000, 0x0000000706c00000, 0x0000000706e00000|  0%| F|  |TAMS 0x0000000706c00000, 0x0000000706c00000| Untracked 
|  55|0x0000000706e00000, 0x0000000706e00000, 0x0000000707000000|  0%| F|  |TAMS 0x0000000706e00000, 0x0000000706e00000| Untracked 
|  56|0x0000000707000000, 0x0000000707000000, 0x0000000707200000|  0%| F|  |TAMS 0x0000000707000000, 0x0000000707000000| Untracked 
|  57|0x0000000707200000, 0x0000000707200000, 0x0000000707400000|  0%| F|  |TAMS 0x0000000707200000, 0x0000000707200000| Untracked 
|  58|0x0000000707400000, 0x0000000707400000, 0x0000000707600000|  0%| F|  |TAMS 0x0000000707400000, 0x0000000707400000| Untracked 
|  59|0x0000000707600000, 0x0000000707600000, 0x0000000707800000|  0%| F|  |TAMS 0x0000000707600000, 0x0000000707600000| Untracked 
|  60|0x0000000707800000, 0x0000000707800000, 0x0000000707a00000|  0%| F|  |TAMS 0x0000000707800000, 0x0000000707800000| Untracked 
|  61|0x0000000707a00000, 0x0000000707a00000, 0x0000000707c00000|  0%| F|  |TAMS 0x0000000707a00000, 0x0000000707a00000| Untracked 
|  62|0x0000000707c00000, 0x0000000707c00000, 0x0000000707e00000|  0%| F|  |TAMS 0x0000000707c00000, 0x0000000707c00000| Untracked 
|  63|0x0000000707e00000, 0x0000000707e00000, 0x0000000708000000|  0%| F|  |TAMS 0x0000000707e00000, 0x0000000707e00000| Untracked 
|  64|0x0000000708000000, 0x0000000708000000, 0x0000000708200000|  0%| F|  |TAMS 0x0000000708000000, 0x0000000708000000| Untracked 
|  65|0x0000000708200000, 0x0000000708200000, 0x0000000708400000|  0%| F|  |TAMS 0x0000000708200000, 0x0000000708200000| Untracked 
|  66|0x0000000708400000, 0x0000000708400000, 0x0000000708600000|  0%| F|  |TAMS 0x0000000708400000, 0x0000000708400000| Untracked 
|  67|0x0000000708600000, 0x0000000708600000, 0x0000000708800000|  0%| F|  |TAMS 0x0000000708600000, 0x0000000708600000| Untracked 
|  68|0x0000000708800000, 0x0000000708800000, 0x0000000708a00000|  0%| F|  |TAMS 0x0000000708800000, 0x0000000708800000| Untracked 
|  69|0x0000000708a00000, 0x0000000708a00000, 0x0000000708c00000|  0%| F|  |TAMS 0x0000000708a00000, 0x0000000708a00000| Untracked 
|  70|0x0000000708c00000, 0x0000000708c00000, 0x0000000708e00000|  0%| F|  |TAMS 0x0000000708c00000, 0x0000000708c00000| Untracked 
|  71|0x0000000708e00000, 0x0000000708e00000, 0x0000000709000000|  0%| F|  |TAMS 0x0000000708e00000, 0x0000000708e00000| Untracked 
|  72|0x0000000709000000, 0x0000000709000000, 0x0000000709200000|  0%| F|  |TAMS 0x0000000709000000, 0x0000000709000000| Untracked 
|  73|0x0000000709200000, 0x0000000709200000, 0x0000000709400000|  0%| F|  |TAMS 0x0000000709200000, 0x0000000709200000| Untracked 
|  74|0x0000000709400000, 0x0000000709400000, 0x0000000709600000|  0%| F|  |TAMS 0x0000000709400000, 0x0000000709400000| Untracked 
|  75|0x0000000709600000, 0x0000000709600000, 0x0000000709800000|  0%| F|  |TAMS 0x0000000709600000, 0x0000000709600000| Untracked 
|  76|0x0000000709800000, 0x0000000709800000, 0x0000000709a00000|  0%| F|  |TAMS 0x0000000709800000, 0x0000000709800000| Untracked 
|  77|0x0000000709a00000, 0x0000000709a00000, 0x0000000709c00000|  0%| F|  |TAMS 0x0000000709a00000, 0x0000000709a00000| Untracked 
|  78|0x0000000709c00000, 0x0000000709c00000, 0x0000000709e00000|  0%| F|  |TAMS 0x0000000709c00000, 0x0000000709c00000| Untracked 
|  79|0x0000000709e00000, 0x0000000709e00000, 0x000000070a000000|  0%| F|  |TAMS 0x0000000709e00000, 0x0000000709e00000| Untracked 
|  80|0x000000070a000000, 0x000000070a000000, 0x000000070a200000|  0%| F|  |TAMS 0x000000070a000000, 0x000000070a000000| Untracked 
|  81|0x000000070a200000, 0x000000070a200000, 0x000000070a400000|  0%| F|  |TAMS 0x000000070a200000, 0x000000070a200000| Untracked 
|  82|0x000000070a400000, 0x000000070a400000, 0x000000070a600000|  0%| F|  |TAMS 0x000000070a400000, 0x000000070a400000| Untracked 
|  83|0x000000070a600000, 0x000000070a600000, 0x000000070a800000|  0%| F|  |TAMS 0x000000070a600000, 0x000000070a600000| Untracked 
|  84|0x000000070a800000, 0x000000070a800000, 0x000000070aa00000|  0%| F|  |TAMS 0x000000070a800000, 0x000000070a800000| Untracked 
|  85|0x000000070aa00000, 0x000000070aa00000, 0x000000070ac00000|  0%| F|  |TAMS 0x000000070aa00000, 0x000000070aa00000| Untracked 
|  86|0x000000070ac00000, 0x000000070ac00000, 0x000000070ae00000|  0%| F|  |TAMS 0x000000070ac00000, 0x000000070ac00000| Untracked 
|  87|0x000000070ae00000, 0x000000070ae00000, 0x000000070b000000|  0%| F|  |TAMS 0x000000070ae00000, 0x000000070ae00000| Untracked 
|  88|0x000000070b000000, 0x000000070b000000, 0x000000070b200000|  0%| F|  |TAMS 0x000000070b000000, 0x000000070b000000| Untracked 
|  89|0x000000070b200000, 0x000000070b200000, 0x000000070b400000|  0%| F|  |TAMS 0x000000070b200000, 0x000000070b200000| Untracked 
|  90|0x000000070b400000, 0x000000070b400000, 0x000000070b600000|  0%| F|  |TAMS 0x000000070b400000, 0x000000070b400000| Untracked 
|  91|0x000000070b600000, 0x000000070b600000, 0x000000070b800000|  0%| F|  |TAMS 0x000000070b600000, 0x000000070b600000| Untracked 
|  92|0x000000070b800000, 0x000000070b800000, 0x000000070ba00000|  0%| F|  |TAMS 0x000000070b800000, 0x000000070b800000| Untracked 
|  93|0x000000070ba00000, 0x000000070ba00000, 0x000000070bc00000|  0%| F|  |TAMS 0x000000070ba00000, 0x000000070ba00000| Untracked 
|  94|0x000000070bc00000, 0x000000070bc00000, 0x000000070be00000|  0%| F|  |TAMS 0x000000070bc00000, 0x000000070bc00000| Untracked 
|  95|0x000000070be00000, 0x000000070be00000, 0x000000070c000000|  0%| F|  |TAMS 0x000000070be00000, 0x000000070be00000| Untracked 
|  96|0x000000070c000000, 0x000000070c000000, 0x000000070c200000|  0%| F|  |TAMS 0x000000070c000000, 0x000000070c000000| Untracked 
|  97|0x000000070c200000, 0x000000070c200000, 0x000000070c400000|  0%| F|  |TAMS 0x000000070c200000, 0x000000070c200000| Untracked 
|  98|0x000000070c400000, 0x000000070c400000, 0x000000070c600000|  0%| F|  |TAMS 0x000000070c400000, 0x000000070c400000| Untracked 
|  99|0x000000070c600000, 0x000000070c600000, 0x000000070c800000|  0%| F|  |TAMS 0x000000070c600000, 0x000000070c600000| Untracked 
| 100|0x000000070c800000, 0x000000070c800000, 0x000000070ca00000|  0%| F|  |TAMS 0x000000070c800000, 0x000000070c800000| Untracked 
| 101|0x000000070ca00000, 0x000000070ca00000, 0x000000070cc00000|  0%| F|  |TAMS 0x000000070ca00000, 0x000000070ca00000| Untracked 
| 102|0x000000070cc00000, 0x000000070cc00000, 0x000000070ce00000|  0%| F|  |TAMS 0x000000070cc00000, 0x000000070cc00000| Untracked 
| 103|0x000000070ce00000, 0x000000070ce00000, 0x000000070d000000|  0%| F|  |TAMS 0x000000070ce00000, 0x000000070ce00000| Untracked 
| 104|0x000000070d000000, 0x000000070d000000, 0x000000070d200000|  0%| F|  |TAMS 0x000000070d000000, 0x000000070d000000| Untracked 
| 105|0x000000070d200000, 0x000000070d200000, 0x000000070d400000|  0%| F|  |TAMS 0x000000070d200000, 0x000000070d200000| Untracked 
| 106|0x000000070d400000, 0x000000070d400000, 0x000000070d600000|  0%| F|  |TAMS 0x000000070d400000, 0x000000070d400000| Untracked 
| 107|0x000000070d600000, 0x000000070d600000, 0x000000070d800000|  0%| F|  |TAMS 0x000000070d600000, 0x000000070d600000| Untracked 
| 108|0x000000070d800000, 0x000000070d800000, 0x000000070da00000|  0%| F|  |TAMS 0x000000070d800000, 0x000000070d800000| Untracked 
| 109|0x000000070da00000, 0x000000070da00000, 0x000000070dc00000|  0%| F|  |TAMS 0x000000070da00000, 0x000000070da00000| Untracked 
| 110|0x000000070dc00000, 0x000000070dc00000, 0x000000070de00000|  0%| F|  |TAMS 0x000000070dc00000, 0x000000070dc00000| Untracked 
| 111|0x000000070de00000, 0x000000070de00000, 0x000000070e000000|  0%| F|  |TAMS 0x000000070de00000, 0x000000070de00000| Untracked 
| 112|0x000000070e000000, 0x000000070e000000, 0x000000070e200000|  0%| F|  |TAMS 0x000000070e000000, 0x000000070e000000| Untracked 
| 113|0x000000070e200000, 0x000000070e200000, 0x000000070e400000|  0%| F|  |TAMS 0x000000070e200000, 0x000000070e200000| Untracked 
| 114|0x000000070e400000, 0x000000070e400000, 0x000000070e600000|  0%| F|  |TAMS 0x000000070e400000, 0x000000070e400000| Untracked 
| 115|0x000000070e600000, 0x000000070e600000, 0x000000070e800000|  0%| F|  |TAMS 0x000000070e600000, 0x000000070e600000| Untracked 
| 116|0x000000070e800000, 0x000000070e8cd0d8, 0x000000070ea00000| 40%| S|CS|TAMS 0x000000070e800000, 0x000000070e800000| Complete 
| 117|0x000000070ea00000, 0x000000070ec00000, 0x000000070ec00000|100%| S|CS|TAMS 0x000000070ea00000, 0x000000070ea00000| Complete 
| 118|0x000000070ec00000, 0x000000070ec00000, 0x000000070ee00000|  0%| F|  |TAMS 0x000000070ec00000, 0x000000070ec00000| Untracked 
| 119|0x000000070ee00000, 0x000000070ee00000, 0x000000070f000000|  0%| F|  |TAMS 0x000000070ee00000, 0x000000070ee00000| Untracked 
| 120|0x000000070f000000, 0x000000070f100800, 0x000000070f200000| 50%| E|  |TAMS 0x000000070f000000, 0x000000070f000000| Complete 
| 121|0x000000070f200000, 0x000000070f400000, 0x000000070f400000|100%| E|CS|TAMS 0x000000070f200000, 0x000000070f200000| Complete 
| 122|0x000000070f400000, 0x000000070f600000, 0x000000070f600000|100%| E|CS|TAMS 0x000000070f400000, 0x000000070f400000| Complete 
| 123|0x000000070f600000, 0x000000070f800000, 0x000000070f800000|100%| E|CS|TAMS 0x000000070f600000, 0x000000070f600000| Complete 
| 124|0x000000070f800000, 0x000000070fa00000, 0x000000070fa00000|100%| E|CS|TAMS 0x000000070f800000, 0x000000070f800000| Complete 
| 125|0x000000070fa00000, 0x000000070fc00000, 0x000000070fc00000|100%| E|CS|TAMS 0x000000070fa00000, 0x000000070fa00000| Complete 
| 126|0x000000070fc00000, 0x000000070fe00000, 0x000000070fe00000|100%| E|CS|TAMS 0x000000070fc00000, 0x000000070fc00000| Complete 
| 127|0x000000070fe00000, 0x0000000710000000, 0x0000000710000000|100%| E|CS|TAMS 0x000000070fe00000, 0x000000070fe00000| Complete 

Card table byte_map: [0x000001aca3cf0000,0x000001aca44f0000] _byte_map_base: 0x000001aca04f0000

Marking Bits (Prev, Next): (CMBitMap*) 0x000001ac8a1ef930, (CMBitMap*) 0x000001ac8a1ef970
 Prev Bits: [0x000001aca4cf0000, 0x000001aca8cf0000)
 Next Bits: [0x000001aca8cf0000, 0x000001acaccf0000)

Polling page: 0x000001ac8a030000

Metaspace:

Usage:
  Non-class:     14.32 MB capacity,    14.20 MB (>99%) used,   100.94 KB ( <1%) free+waste,    22.31 KB ( <1%) overhead. 
      Class:      1.85 MB capacity,     1.76 MB ( 95%) used,    84.13 KB (  4%) free+waste,     8.75 KB ( <1%) overhead. 
       Both:     16.17 MB capacity,    15.96 MB ( 99%) used,   185.06 KB (  1%) free+waste,    31.06 KB ( <1%) overhead. 

Virtual space:
  Non-class space:       16.00 MB reserved,      14.50 MB ( 91%) committed 
      Class space:        1.00 GB reserved,       1.88 MB ( <1%) committed 
             Both:        1.02 GB reserved,      16.38 MB (  2%) committed 

Chunk freelists:
   Non-Class:  0 bytes
       Class:  21.00 KB
        Both:  21.00 KB

MaxMetaspaceSize: 17179869184.00 GB
CompressedClassSpaceSize: 1.00 GB

CodeHeap 'non-profiled nmethods': size=120000Kb used=703Kb max_used=703Kb free=119296Kb
 bounds [0x000001ac9b9a0000, 0x000001ac9bc10000, 0x000001aca2ed0000]
CodeHeap 'profiled nmethods': size=120000Kb used=3373Kb max_used=3373Kb free=116626Kb
 bounds [0x000001ac94470000, 0x000001ac947c0000, 0x000001ac9b9a0000]
CodeHeap 'non-nmethods': size=5760Kb used=1237Kb max_used=1252Kb free=4522Kb
 bounds [0x000001ac93ed0000, 0x000001ac94140000, 0x000001ac94470000]
 total_blobs=2303 nmethods=1794 adapters=421
 compilation: enabled
              stopped_count=0, restarted_count=0
 full_count=0

Compilation events (20 events):
Event: 4.687 Thread 0x000001acafc48ac0 nmethod 1780 0x000001ac9479f310 code [0x000001ac9479f4c0, 0x000001ac9479f5e8]
Event: 4.688 Thread 0x000001acafc48ac0 1781       3       java.util.concurrent.ConcurrentHashMap$MapEntry::<init> (20 bytes)
Event: 4.689 Thread 0x000001acafc48ac0 nmethod 1781 0x000001ac9479f690 code [0x000001ac9479f840, 0x000001ac9479fad8]
Event: 4.689 Thread 0x000001acafc48ac0 1782       3       java.lang.invoke.MemberName::<init> (139 bytes)
Event: 4.690 Thread 0x000001acafc48ac0 nmethod 1782 0x000001ac9479fb90 code [0x000001ac9479fec0, 0x000001ac947a1138]
Event: 4.690 Thread 0x000001acafc48ac0 1783       3       java.lang.invoke.MethodHandles$Lookup::checkSecurityManager (104 bytes)
Event: 4.692 Thread 0x000001acafc48ac0 nmethod 1783 0x000001ac947a1690 code [0x000001ac947a19c0, 0x000001ac947a2c28]
Event: 4.692 Thread 0x000001acafc48ac0 1784       3       jdk.internal.org.objectweb.asm.ClassWriter::toByteArray (1515 bytes)
Event: 4.700 Thread 0x000001acafc48ac0 nmethod 1784 0x000001ac947a3210 code [0x000001ac947a3b40, 0x000001ac947a7a58]
Event: 4.700 Thread 0x000001acafc48ac0 1793       3       jdk.internal.org.objectweb.asm.Handler::putExceptionTable (63 bytes)
Event: 4.700 Thread 0x000001acafc48ac0 nmethod 1793 0x000001ac947a9a10 code [0x000001ac947a9c20, 0x000001ac947aa048]
Event: 4.700 Thread 0x000001acafc48ac0 1789       3       jdk.internal.org.objectweb.asm.MethodWriter::visitEnd (1 bytes)
Event: 4.700 Thread 0x000001acafc48ac0 nmethod 1789 0x000001ac947aa310 code [0x000001ac947aa4a0, 0x000001ac947aa598]
Event: 4.700 Thread 0x000001acafc48ac0 1790       3       jdk.internal.org.objectweb.asm.MethodWriter::computeMethodInfoSize (571 bytes)
Event: 4.702 Thread 0x000001acafc48ac0 nmethod 1790 0x000001ac947aa610 code [0x000001ac947aa940, 0x000001ac947ab908]
Event: 4.702 Thread 0x000001acafc48ac0 1791       3       jdk.internal.org.objectweb.asm.MethodWriter::hasFrames (13 bytes)
Event: 4.702 Thread 0x000001acafc48ac0 nmethod 1791 0x000001ac947abf90 code [0x000001ac947ac120, 0x000001ac947ac278]
Event: 4.702 Thread 0x000001acafc48ac0 1792       3       jdk.internal.org.objectweb.asm.MethodWriter::putMethodInfo (1274 bytes)
Event: 4.707 Thread 0x000001acafc48ac0 nmethod 1792 0x000001ac947ac310 code [0x000001ac947ac9c0, 0x000001ac947af1c8]
Event: 4.707 Thread 0x000001acafc48ac0 1788       3       java.lang.reflect.Constructor::setConstructorAccessor (21 bytes)

GC Heap History (6 events):
Event: 1.482 GC heap before
{Heap before GC invocations=0 (full 0):
 garbage-first heap   total 262144K, used 10240K [0x0000000700000000, 0x0000000800000000)
  region size 2048K, 6 young (12288K), 0 survivors (0K)
 Metaspace       used 3729K, capacity 5177K, committed 5376K, reserved 1056768K
  class space    used 390K, capacity 506K, committed 512K, reserved 1048576K
}
Event: 1.622 GC heap after
{Heap after GC invocations=1 (full 0):
 garbage-first heap   total 262144K, used 7266K [0x0000000700000000, 0x0000000800000000)
  region size 2048K, 1 young (2048K), 1 survivors (2048K)
 Metaspace       used 3729K, capacity 5177K, committed 5376K, reserved 1056768K
  class space    used 390K, capacity 506K, committed 512K, reserved 1048576K
}
Event: 2.621 GC heap before
{Heap before GC invocations=1 (full 0):
 garbage-first heap   total 262144K, used 17506K [0x0000000700000000, 0x0000000800000000)
  region size 2048K, 6 young (12288K), 1 survivors (2048K)
 Metaspace       used 7146K, capacity 7728K, committed 7936K, reserved 1056768K
  class space    used 708K, capacity 743K, committed 768K, reserved 1048576K
}
Event: 2.639 GC heap after
{Heap after GC invocations=2 (full 0):
 garbage-first heap   total 262144K, used 8571K [0x0000000700000000, 0x0000000800000000)
  region size 2048K, 1 young (2048K), 1 survivors (2048K)
 Metaspace       used 7146K, capacity 7728K, committed 7936K, reserved 1056768K
  class space    used 708K, capacity 743K, committed 768K, reserved 1048576K
}
Event: 3.955 GC heap before
{Heap before GC invocations=2 (full 0):
 garbage-first heap   total 262144K, used 27003K [0x0000000700000000, 0x0000000800000000)
  region size 2048K, 10 young (20480K), 1 survivors (2048K)
 Metaspace       used 12478K, capacity 12782K, committed 13056K, reserved 1060864K
  class space    used 1335K, capacity 1434K, committed 1536K, reserved 1048576K
}
Event: 3.961 GC heap after
{Heap after GC invocations=3 (full 0):
 garbage-first heap   total 262144K, used 10492K [0x0000000700000000, 0x0000000800000000)
  region size 2048K, 2 young (4096K), 2 survivors (4096K)
 Metaspace       used 12478K, capacity 12782K, committed 13056K, reserved 1060864K
  class space    used 1335K, capacity 1434K, committed 1536K, reserved 1048576K
}

Deoptimization events (20 events):
Event: 4.556 Thread 0x000001ac8a1a22a0 DEOPT PACKING pc=0x000001ac9ba3abe0 sp=0x000000756aefd450
Event: 4.556 Thread 0x000001ac8a1a22a0 DEOPT UNPACKING pc=0x000001ac93f1e42f sp=0x000000756aefd3d0 mode 2
Event: 4.556 Thread 0x000001ac8a1a22a0 Uncommon trap: trap_request=0xffffffde fr.pc=0x000001ac9ba3abe0 relative=0x0000000000000f60
Event: 4.556 Thread 0x000001ac8a1a22a0 Uncommon trap: reason=class_check action=maybe_recompile pc=0x000001ac9ba3abe0 method=java.util.concurrent.ConcurrentHashMap.putVal(Ljava/lang/Object;Ljava/lang/Object;Z)Ljava/lang/Object; @ 159 c2
Event: 4.556 Thread 0x000001ac8a1a22a0 DEOPT PACKING pc=0x000001ac9ba3abe0 sp=0x000000756aefd6c0
Event: 4.556 Thread 0x000001ac8a1a22a0 DEOPT UNPACKING pc=0x000001ac93f1e42f sp=0x000000756aefd640 mode 2
Event: 4.556 Thread 0x000001ac8a1a22a0 Uncommon trap: trap_request=0xffffffde fr.pc=0x000001ac9ba3ac74 relative=0x0000000000000ff4
Event: 4.556 Thread 0x000001ac8a1a22a0 Uncommon trap: reason=class_check action=maybe_recompile pc=0x000001ac9ba3ac74 method=java.util.concurrent.ConcurrentHashMap.putVal(Ljava/lang/Object;Ljava/lang/Object;Z)Ljava/lang/Object; @ 242 c2
Event: 4.556 Thread 0x000001ac8a1a22a0 DEOPT PACKING pc=0x000001ac9ba3ac74 sp=0x000000756aefd5c0
Event: 4.556 Thread 0x000001ac8a1a22a0 DEOPT UNPACKING pc=0x000001ac93f1e42f sp=0x000000756aefd530 mode 2
Event: 4.556 Thread 0x000001ac8a1a22a0 Uncommon trap: trap_request=0xffffffde fr.pc=0x000001ac9ba3ac74 relative=0x0000000000000ff4
Event: 4.556 Thread 0x000001ac8a1a22a0 Uncommon trap: reason=class_check action=maybe_recompile pc=0x000001ac9ba3ac74 method=java.util.concurrent.ConcurrentHashMap.putVal(Ljava/lang/Object;Ljava/lang/Object;Z)Ljava/lang/Object; @ 242 c2
Event: 4.556 Thread 0x000001ac8a1a22a0 DEOPT PACKING pc=0x000001ac9ba3ac74 sp=0x000000756aefd450
Event: 4.556 Thread 0x000001ac8a1a22a0 DEOPT UNPACKING pc=0x000001ac93f1e42f sp=0x000000756aefd3c0 mode 2
Event: 4.557 Thread 0x000001ac8a1a22a0 Uncommon trap: trap_request=0xffffff45 fr.pc=0x000001ac9b9f4150 relative=0x00000000000002b0
Event: 4.557 Thread 0x000001ac8a1a22a0 Uncommon trap: reason=unstable_if action=reinterpret pc=0x000001ac9b9f4150 method=java.util.concurrent.ConcurrentHashMap.get(Ljava/lang/Object;)Ljava/lang/Object; @ 152 c2
Event: 4.557 Thread 0x000001ac8a1a22a0 DEOPT PACKING pc=0x000001ac9b9f4150 sp=0x000000756aefd790
Event: 4.557 Thread 0x000001ac8a1a22a0 DEOPT UNPACKING pc=0x000001ac93f1e42f sp=0x000000756aefd708 mode 2
Event: 4.666 Thread 0x000001ac8a1a22a0 DEOPT PACKING pc=0x000001ac94764dc8 sp=0x000000756aef7860
Event: 4.666 Thread 0x000001ac8a1a22a0 DEOPT UNPACKING pc=0x000001ac93f1e23f sp=0x000000756aef6ca8 mode 0

Classes unloaded (0 events):
No events

Classes redefined (0 events):
No events

Internal exceptions (20 events):
Event: 3.571 Thread 0x000001ac8a1a22a0 Exception <a 'java/lang/ClassNotFoundException'{0x000000070f316d08}: com/aventstack/extentreports/StatusCustomizer> (0x000000070f316d08) 
thrown [./src/hotspot/share/classfile/systemDictionary.cpp, line 295]
Event: 3.590 Thread 0x000001ac8a1a22a0 Exception <a 'java/lang/NoSuchMethodError'{0x000000070f348260}: 'int java.lang.invoke.DirectMethodHandle$Holder.invokeStaticInit(java.lang.Object, java.lang.Object, java.lang.Object, java.lang.Object)'> (0x000000070f348260) 
thrown [./src/hotspot/share/interpreter/linkResolver.cpp, line 782]
Event: 3.592 Thread 0x000001ac8a1a22a0 Exception <a 'java/lang/IncompatibleClassChangeError'{0x000000070f351d18}: Found class java.lang.Object, but interface was expected> (0x000000070f351d18) 
thrown [./src/hotspot/share/interpreter/linkResolver.cpp, line 848]
Event: 3.593 Thread 0x000001ac8a1a22a0 Exception <a 'java/lang/NoSuchMethodError'{0x000000070f357508}: 'int java.lang.invoke.DirectMethodHandle$Holder.invokeStaticInit(java.lang.Object, java.lang.Object)'> (0x000000070f357508) 
thrown [./src/hotspot/share/interpreter/linkResolver.cpp, line 782]
Event: 3.663 Thread 0x000001ac8a1a22a0 Exception <a 'java/lang/NoSuchMethodError'{0x000000070f0265a8}: 'java.lang.Object java.lang.invoke.DirectMethodHandle$Holder.invokeSpecial(java.lang.Object, java.lang.Object, long, java.lang.Object, java.lang.Object, java.lang.Object, java.lang.Object, java.lang.Object, java.lang.Object)'> (0x000000070f0265a8) 
thrown [./src/hotspot/share/interpreter/linkResolver.cpp, line 782]
Event: 3.663 Thread 0x000001ac8a1a22a0 Exception <a 'java/lang/NoSuchMethodError'{0x000000070f02b028}: 'java.lang.Object java.lang.invoke.DelegatingMethodHandle$Holder.reinvoke_L(java.lang.Object, long, java.lang.Object, java.lang.Object, java.lang.Object, java.lang.Object, java.lang.Object, java.lang.Object)'> (0x000000070f02b028) 
thrown [./src/hotspot/share/interpreter/linkResolver.cpp, line 782]
Event: 3.671 Thread 0x000001ac8a1a22a0 Exception <a 'java/lang/NoSuchMethodError'{0x000000070f038490}: 'java.lang.Object java.lang.invoke.Invokers$Holder.linkToTargetMethod(java.lang.Object, java.lang.Object, java.lang.Object, java.lang.Object, java.lang.Object, java.lang.Object, java.lang.Object)'> (0x000000070f038490) 
thrown [./src/hotspot/share/interpreter/linkResolver.cpp, line 782]
Event: 4.005 Thread 0x000001ac8a1a22a0 Exception <a 'sun/nio/fs/WindowsException'{0x000000070fd404a8}> (0x000000070fd404a8) 
thrown [./src/hotspot/share/prims/jni.cpp, line 578]
Event: 4.455 Thread 0x000001ac8a1a22a0 Exception <a 'java/lang/IncompatibleClassChangeError'{0x000000070f73cfd0}: Found class java.lang.Object, but interface was expected> (0x000000070f73cfd0) 
thrown [./src/hotspot/share/interpreter/linkResolver.cpp, line 848]
Event: 4.456 Thread 0x000001ac8a1a22a0 Exception <a 'java/lang/IncompatibleClassChangeError'{0x000000070f7408d0}: Found class java.lang.Object, but interface was expected> (0x000000070f7408d0) 
thrown [./src/hotspot/share/interpreter/linkResolver.cpp, line 848]
Event: 4.456 Thread 0x000001ac8a1a22a0 Exception <a 'java/lang/IncompatibleClassChangeError'{0x000000070f743f70}: Found class java.lang.Object, but interface was expected> (0x000000070f743f70) 
thrown [./src/hotspot/share/interpreter/linkResolver.cpp, line 848]
Event: 4.457 Thread 0x000001ac8a1a22a0 Exception <a 'java/lang/IncompatibleClassChangeError'{0x000000070f747640}: Found class java.lang.Object, but interface was expected> (0x000000070f747640) 
thrown [./src/hotspot/share/interpreter/linkResolver.cpp, line 848]
Event: 4.483 Thread 0x000001ac8a1a22a0 Exception <a 'java/lang/IncompatibleClassChangeError'{0x000000070f7d2598}: Found class java.lang.Object, but interface was expected> (0x000000070f7d2598) 
thrown [./src/hotspot/share/interpreter/linkResolver.cpp, line 848]
Event: 4.483 Thread 0x000001ac8a1a22a0 Exception <a 'java/lang/IncompatibleClassChangeError'{0x000000070f7d5cb8}: Found class java.lang.Object, but interface was expected> (0x000000070f7d5cb8) 
thrown [./src/hotspot/share/interpreter/linkResolver.cpp, line 848]
Event: 4.484 Thread 0x000001ac8a1a22a0 Exception <a 'java/lang/IncompatibleClassChangeError'{0x000000070f7d9400}: Found class java.lang.Object, but interface was expected> (0x000000070f7d9400) 
thrown [./src/hotspot/share/interpreter/linkResolver.cpp, line 848]
Event: 4.484 Thread 0x000001ac8a1a22a0 Exception <a 'sun/nio/fs/WindowsException'{0x000000070f7dcd00}> (0x000000070f7dcd00) 
thrown [./src/hotspot/share/prims/jni.cpp, line 578]
Event: 4.523 Thread 0x000001ac8a1a22a0 Exception <a 'java/lang/NoSuchMethodError'{0x000000070f4d62e8}: 'java.lang.Object java.lang.invoke.DirectMethodHandle$Holder.newInvokeSpecial(java.lang.Object, java.lang.Object, java.lang.Object, java.lang.Object, java.lang.Object)'> (0x000000070f4d62e8) 
thrown [./src/hotspot/share/interpreter/linkResolver.cpp, line 782]
Event: 4.603 Thread 0x000001ac8a1a22a0 Exception <a 'java/lang/IncompatibleClassChangeError'{0x000000070f26c030}: Found class java.lang.Object, but interface was expected> (0x000000070f26c030) 
thrown [./src/hotspot/share/interpreter/linkResolver.cpp, line 848]
Event: 4.627 Thread 0x000001ac8a1a22a0 Exception <a 'java/lang/ClassNotFoundException'{0x000000070f2cd8b0}: sun/util/logging/resources/spi/loggingProvider> (0x000000070f2cd8b0) 
thrown [./src/hotspot/share/classfile/systemDictionary.cpp, line 295]
Event: 4.651 Thread 0x000001ac8a1a22a0 Exception <a 'java/lang/NoSuchMethodError'{0x000000070f30b210}: 'void java.lang.invoke.DirectMethodHandle$Holder.invokeStatic(java.lang.Object, java.lang.Object, java.lang.Object)'> (0x000000070f30b210) 
thrown [./src/hotspot/share/interpreter/linkResolver.cpp, line 782]

Events (20 events):
Event: 4.633 loading class sun/util/logging/resources/logging_en
Event: 4.633 loading class sun/util/logging/resources/logging_en done
Event: 4.640 loading class java/util/Formatter$DateTime
Event: 4.640 loading class java/util/Formatter$DateTime done
Event: 4.641 loading class java/time/ZonedDateTime$1
Event: 4.641 loading class java/time/ZonedDateTime$1 done
Event: 4.656 loading class java/util/Collections$SynchronizedRandomAccessList
Event: 4.656 loading class java/util/Collections$SynchronizedList
Event: 4.656 loading class java/util/Collections$SynchronizedList done
Event: 4.656 loading class java/util/Collections$SynchronizedRandomAccessList done
Event: 4.702 loading class java/util/concurrent/ConcurrentSkipListMap$KeySet
Event: 4.703 loading class java/util/concurrent/ConcurrentSkipListMap$KeySet done
Event: 4.703 loading class java/util/concurrent/ConcurrentSkipListMap$KeyIterator
Event: 4.703 loading class java/util/concurrent/ConcurrentSkipListMap$Iter
Event: 4.703 loading class java/util/concurrent/ConcurrentSkipListMap$Iter done
Event: 4.703 loading class java/util/concurrent/ConcurrentSkipListMap$KeyIterator done
Event: 4.703 loading class java/net/InetAddress$NameServiceAddresses
Event: 4.703 loading class java/net/InetAddress$Addresses
Event: 4.703 loading class java/net/InetAddress$Addresses done
Event: 4.703 loading class java/net/InetAddress$NameServiceAddresses done


Dynamic libraries:
0x00007ff6ccec0000 - 0x00007ff6ccecd000 	C:\Users\team9\.jdks\azul-15.0.7\bin\java.exe
0x00007ffcaf8d0000 - 0x00007ffcafabd000 	C:\Windows\SYSTEM32\ntdll.dll
0x00007ffcaf270000 - 0x00007ffcaf323000 	C:\Windows\System32\KERNEL32.DLL
0x00007ffcabb70000 - 0x00007ffcabe04000 	C:\Windows\System32\KERNELBASE.dll
0x00007ffcabf40000 - 0x00007ffcac03a000 	C:\Windows\System32\ucrtbase.dll
0x00007ffc931c0000 - 0x00007ffc931d8000 	C:\Users\team9\.jdks\azul-15.0.7\bin\jli.dll
0x00007ffcad140000 - 0x00007ffcad2d7000 	C:\Windows\System32\USER32.dll
0x00007ffc93120000 - 0x00007ffc93135000 	C:\Users\team9\.jdks\azul-15.0.7\bin\VCRUNTIME140.dll
0x00007ffcac0f0000 - 0x00007ffcac110000 	C:\Windows\System32\win32u.dll
0x00007ffcacdb0000 - 0x00007ffcacdd9000 	C:\Windows\System32\GDI32.dll
0x00007ffc92a60000 - 0x00007ffc92cd9000 	C:\Windows\WinSxS\amd64_microsoft.windows.common-controls_6595b64144ccf1df_6.0.17763.2928_none_de6f2d70534d3d29\COMCTL32.dll
0x00007ffcacde0000 - 0x00007ffcace7e000 	C:\Windows\System32\msvcrt.dll
0x00007ffcad310000 - 0x00007ffcad63d000 	C:\Windows\System32\combase.dll
0x00007ffcad820000 - 0x00007ffcad93d000 	C:\Windows\System32\RPCRT4.dll
0x00007ffcabe10000 - 0x00007ffcabe92000 	C:\Windows\System32\bcryptPrimitives.dll
0x00007ffcab960000 - 0x00007ffcabafc000 	C:\Windows\System32\gdi32full.dll
0x00007ffcac110000 - 0x00007ffcac1b0000 	C:\Windows\System32\msvcp_win.dll
0x00007ffcaf3e0000 - 0x00007ffcaf40e000 	C:\Windows\System32\IMM32.DLL
0x00007ffc71620000 - 0x00007ffc716bb000 	C:\Users\team9\.jdks\azul-15.0.7\bin\msvcp140.dll
0x00007ffc57880000 - 0x00007ffc5841a000 	C:\Users\team9\.jdks\azul-15.0.7\bin\server\jvm.dll
0x00007ffcad090000 - 0x00007ffcad137000 	C:\Windows\System32\ADVAPI32.dll
0x00007ffcad940000 - 0x00007ffcad9df000 	C:\Windows\System32\sechost.dll
0x00007ffcaf890000 - 0x00007ffcaf898000 	C:\Windows\System32\PSAPI.DLL
0x00007ffc93ce0000 - 0x00007ffc93ce9000 	C:\Windows\SYSTEM32\WSOCK32.dll
0x00007ffcad7b0000 - 0x00007ffcad81d000 	C:\Windows\System32\WS2_32.dll
0x00007ffca1340000 - 0x00007ffca1364000 	C:\Windows\SYSTEM32\WINMM.dll
0x00007ffc9fd10000 - 0x00007ffc9fd3d000 	C:\Windows\SYSTEM32\WINMMBASE.dll
0x00007ffcabec0000 - 0x00007ffcabf0a000 	C:\Windows\System32\cfgmgr32.dll
0x00007ffca3920000 - 0x00007ffca392a000 	C:\Windows\SYSTEM32\VERSION.dll
0x00007ffcab8b0000 - 0x00007ffcab8c1000 	C:\Windows\System32\kernel.appcore.dll
0x00007ffc93bd0000 - 0x00007ffc93bda000 	C:\Users\team9\.jdks\azul-15.0.7\bin\jimage.dll
0x00007ffca2070000 - 0x00007ffca225d000 	C:\Windows\SYSTEM32\DBGHELP.DLL
0x00007ffca14e0000 - 0x00007ffca150a000 	C:\Windows\SYSTEM32\dbgcore.DLL
0x00007ffc92d40000 - 0x00007ffc92d4e000 	C:\Users\team9\.jdks\azul-15.0.7\bin\instrument.dll
0x00007ffc930c0000 - 0x00007ffc930e5000 	C:\Users\team9\.jdks\azul-15.0.7\bin\java.dll
0x00007ffcadd70000 - 0x00007ffcaf269000 	C:\Windows\System32\SHELL32.dll
0x00007ffcad6a0000 - 0x00007ffcad748000 	C:\Windows\System32\shcore.dll
0x00007ffcac3b0000 - 0x00007ffcacaf8000 	C:\Windows\System32\windows.storage.dll
0x00007ffcab8d0000 - 0x00007ffcab8f4000 	C:\Windows\System32\profapi.dll
0x00007ffcab900000 - 0x00007ffcab95d000 	C:\Windows\System32\powrprof.dll
0x00007ffcad640000 - 0x00007ffcad692000 	C:\Windows\System32\shlwapi.dll
0x00007ffcabea0000 - 0x00007ffcabeb7000 	C:\Windows\System32\cryptsp.dll
0x00007ffc922b0000 - 0x00007ffc922c8000 	C:\Users\team9\.jdks\azul-15.0.7\bin\zip.dll
0x00007ffc92df0000 - 0x00007ffc92e09000 	C:\Users\team9\.jdks\azul-15.0.7\bin\net.dll
0x00007ffca5b90000 - 0x00007ffca5c81000 	C:\Windows\SYSTEM32\WINHTTP.dll
0x00007ffcaaf70000 - 0x00007ffcaafd7000 	C:\Windows\system32\mswsock.dll
0x00007ffc923a0000 - 0x00007ffc923b2000 	C:\Users\team9\.jdks\azul-15.0.7\bin\nio.dll
0x00007ffc91d60000 - 0x00007ffc91d7a000 	C:\Program Files\JetBrains\IntelliJ IDEA Community Edition 2021.3\bin\breakgen64.dll
0x00007ffcaab50000 - 0x00007ffcaab83000 	C:\Windows\system32\rsaenh.dll
0x00007ffcabf10000 - 0x00007ffcabf36000 	C:\Windows\System32\bcrypt.dll
0x00007ffcab7c0000 - 0x00007ffcab7e9000 	C:\Windows\SYSTEM32\USERENV.dll
0x00007ffcab170000 - 0x00007ffcab17c000 	C:\Windows\SYSTEM32\CRYPTBASE.dll
0x00007ffcaace0000 - 0x00007ffcaad1e000 	C:\Windows\SYSTEM32\IPHLPAPI.DLL
0x00007ffcacf50000 - 0x00007ffcacf58000 	C:\Windows\System32\NSI.dll
0x00007ffca7350000 - 0x00007ffca7366000 	C:\Windows\SYSTEM32\dhcpcsvc6.DLL
0x00007ffca7330000 - 0x00007ffca734c000 	C:\Windows\SYSTEM32\dhcpcsvc.DLL
0x00007ffcaad20000 - 0x00007ffcaade6000 	C:\Windows\SYSTEM32\DNSAPI.dll
0x00007ffc93110000 - 0x00007ffc93120000 	C:\Users\team9\.jdks\azul-15.0.7\bin\verify.dll
0x00007ffc91cf0000 - 0x00007ffc91cf9000 	C:\Users\team9\.jdks\azul-15.0.7\bin\prefs.dll
0x00007ffc91a40000 - 0x00007ffc91a4e000 	C:\Users\team9\.jdks\azul-15.0.7\bin\sunmscapi.dll
0x00007ffcac1b0000 - 0x00007ffcac3a5000 	C:\Windows\System32\CRYPT32.dll
0x00007ffcab890000 - 0x00007ffcab8a2000 	C:\Windows\System32\MSASN1.dll
0x00007ffcab2b0000 - 0x00007ffcab2d6000 	C:\Windows\SYSTEM32\ncrypt.dll
0x00007ffcab270000 - 0x00007ffcab2ac000 	C:\Windows\SYSTEM32\NTASN1.dll
0x00007ffc9d9b0000 - 0x00007ffc9d9c6000 	C:\Windows\system32\napinsp.dll
0x00007ffc9d960000 - 0x00007ffc9d96e000 	C:\Windows\System32\winrnr.dll
0x00007ffca6850000 - 0x00007ffca686b000 	C:\Windows\system32\NLAapi.dll
0x00007ffc9d930000 - 0x00007ffc9d945000 	C:\Windows\system32\wshbth.dll
0x00007ffca49a0000 - 0x00007ffca49aa000 	C:\Windows\System32\rasadhlp.dll
0x00007ffca7560000 - 0x00007ffca75d9000 	C:\Windows\System32\fwpuclnt.dll
0x00007ffc92390000 - 0x00007ffc92399000 	C:\Users\team9\.jdks\azul-15.0.7\bin\management.dll
0x00007ffc91d00000 - 0x00007ffc91d0b000 	C:\Users\team9\.jdks\azul-15.0.7\bin\management_ext.dll

dbghelp: loaded successfully - version: 4.0.5 - missing functions: none
symbol engine: initialized successfully - sym options: 0x614 - pdb path: .;C:\Users\team9\.jdks\azul-15.0.7\bin;C:\Windows\SYSTEM32;C:\Windows\WinSxS\amd64_microsoft.windows.common-controls_6595b64144ccf1df_6.0.17763.2928_none_de6f2d70534d3d29;C:\Users\team9\.jdks\azul-15.0.7\bin\server;C:\Program Files\JetBrains\IntelliJ IDEA Community Edition 2021.3\bin

VM Arguments:
jvm_args: -ea -Dtestng.dtd.http=true -DBASE_URI=https://api.spotify.com -DACCOUNT_BASE_URI=https://accounts.spotify.com -Didea.test.cyclic.buffer.size=1048576 -javaagent:C:\Program Files\JetBrains\IntelliJ IDEA Community Edition 2021.3\lib\idea_rt.jar=57217:C:\Program Files\JetBrains\IntelliJ IDEA Community Edition 2021.3\bin -Dfile.encoding=UTF-8 
java_command: com.intellij.rt.testng.RemoteTestNGStarter -usedefaultlisteners false -socket57216 @w@C:\Users\team9\AppData\Local\Temp\11\idea_working_dirs_testng.tmp -temp C:\Users\team9\AppData\Local\Temp\11\idea_testng.tmp
java_class_path (initial): C:\Program Files\JetBrains\IntelliJ IDEA Community Edition 2021.3\lib\idea_rt.jar;C:\Program Files\JetBrains\IntelliJ IDEA Community Edition 2021.3\plugins\testng\lib\testng-rt.jar;C:\Users\team9\IdeaProjects\Spot_On_Automation_Framework\WEB_UI_Module\target\classes;C:\Users\team9\.m2\repository\org\testng\testng\6.14.3\testng-6.14.3.jar;C:\Users\team9\.m2\repository\com\beust\jcommander\1.72\jcommander-1.72.jar;C:\Users\team9\.m2\repository\org\apache-extras\beanshell\bsh\2.0b6\bsh-2.0b6.jar;C:\Users\team9\.m2\repository\org\projectlombok\lombok\1.18.4\lombok-1.18.4.jar;C:\Users\team9\.m2\repository\com\codeborne\selenide\5.10.0\selenide-5.10.0.jar;C:\Users\team9\.m2\repository\org\seleniumhq\selenium\selenium-java\3.141.59\selenium-java-3.141.59.jar;C:\Users\team9\.m2\repository\org\seleniumhq\selenium\selenium-api\3.141.59\selenium-api-3.141.59.jar;C:\Users\team9\.m2\repository\org\seleniumhq\selenium\selenium-chrome-driver\3.141.59\selenium-chrome-driver-3.141.59.jar;C:\Users\team9\.m2\repository\org\seleniumhq\selenium\selenium-edge-driver\3.141.59\selenium-edge-driver-3.141.59.jar;C:\Users\team9\.m2\repository\org\seleniumhq\selenium\selenium-firefox-driver\3.141.59\selenium-firefox-driver-3.141.59.jar;C:\Users\team9\.m2\repository\org\seleniumhq\selenium\selenium-ie-driver\3.141.59\selenium-ie-driver-3.141.59.jar;C:\Users\team9\.m2\repository\org\seleniumhq\selenium\selenium-opera-driver\3.141.59\selenium-opera-driver-3.141.59.jar;C:\Users\team9\.m2\repository\org\seleniumhq\selenium\selenium-remote-driver\3.141.59\selenium-remote-driver-3.141.59.jar;C:\Users\team9\.m2\repository\org\seleniumhq\selenium\selenium-safari-driver\3.141.59\selenium-safari-driver-3.141.59.jar;C:\Users\team9\.m2\repository\org\seleniumhq\selenium\selenium-support\3.141.59\selenium-support-3.141.59.jar;C:\Users\team9\.m2\repository\org\apache\commons\commons-exec\1.3\commons-exec-1.3.jar;C:\Users\team9\.m2\repository\com\squareup\okhttp3\okhttp\3.11.0\okh
Launcher Type: SUN_STANDARD

[Global flags]
     intx CICompilerCount                          = 3                                         {product} {ergonomic}
     uint ConcGCThreads                            = 1                                         {product} {ergonomic}
     uint G1ConcRefinementThreads                  = 4                                         {product} {ergonomic}
   size_t G1HeapRegionSize                         = 2097152                                   {product} {ergonomic}
    uintx GCDrainStackTargetSize                   = 64                                        {product} {ergonomic}
   size_t InitialHeapSize                          = 268435456                                 {product} {ergonomic}
   size_t MarkStackSize                            = 4194304                                   {product} {ergonomic}
   size_t MaxHeapSize                              = 4294967296                                {product} {ergonomic}
   size_t MaxNewSize                               = 2575302656                                {product} {ergonomic}
   size_t MinHeapDeltaBytes                        = 2097152                                   {product} {ergonomic}
   size_t MinHeapSize                              = 8388608                                   {product} {ergonomic}
    uintx NonNMethodCodeHeapSize                   = 5832780                                {pd product} {ergonomic}
    uintx NonProfiledCodeHeapSize                  = 122912730                              {pd product} {ergonomic}
    uintx ProfiledCodeHeapSize                     = 122912730                              {pd product} {ergonomic}
    uintx ReservedCodeCacheSize                    = 251658240                              {pd product} {ergonomic}
     bool SegmentedCodeCache                       = true                                      {product} {ergonomic}
   size_t SoftMaxHeapSize                          = 4294967296                             {manageable} {ergonomic}
     bool UseCompressedClassPointers               = true                                 {lp64_product} {ergonomic}
     bool UseCompressedOops                        = true                                 {lp64_product} {ergonomic}
     bool UseG1GC                                  = true                                      {product} {ergonomic}
     bool UseLargePagesIndividualAllocation        = false                                  {pd product} {ergonomic}

Logging:
Log output configuration:
 #0: stdout all=warning uptime,level,tags
 #1: stderr all=off uptime,level,tags

Environment Variables:
JAVA_HOME=C:\Program Files\Java\jdk-11.0.2
PATH=C:\Program Files (x86)\Common Files\Oracle\Java\javapath;C:\Windows\system32;C:\Windows;C:\Windows\System32\Wbem;C:\Windows\System32\WindowsPowerShell\v1.0\;C:\Windows\System32\OpenSSH\;C:\Program Files\Docker;C:\Program Files\Java\jdk-11.0.2\bin;C:\Program Files\Git\cmd;C:\Program Files\Java\jre1.8.0_311\bin;C:\Users\team2\Downloads\allure-2.13.8\bin;C:\Users\team2\Downloads\apache-maven-3.8.4\bin;C:\Users\team3\AppData\Local\Programs\Python\Python310;C:\Users\team3\AppData\Local\Programs\Python\Python310\Scripts;C:\Users\team6\Downloads\allure-commandline-2.17.0\allure-2.17.0\bin;C:\Program Files (x86)\Microsoft SQL Server\150\DTS\Binn\;C:\Program Files\Azure Data Studio\bin;C:\Users\team6\Downloads\allure-commandline-2.17.3\allure-2.17.3\bin;C:\Users\team6\Documents\maven\apache-maven-3.8.5-bin\apache-maven-3.8.5\bin;C:\Users\team9\AppData\Local\Microsoft\WindowsApps;
USERNAME=team9
OS=Windows_NT
PROCESSOR_IDENTIFIER=Intel64 Family 6 Model 85 Stepping 4, GenuineIntel



---------------  S Y S T E M  ---------------

OS:
 Windows Server 2019 , 64 bit Build 17763 (10.0.17763.2928)
OS uptime: 10 days 5:31 hours
HyperV virtualization detected

CPU: total 4 (initial active 4) (2 cores per cpu, 2 threads per core) family 6 model 85 stepping 4 microcode 0xffffffff, cmov, cx8, fxsr, mmx, sse, sse2, sse3, ssse3, sse4.1, sse4.2, popcnt, vzeroupper, avx, avx2, aes, clmul, erms, rtm, 3dnowpref, lzcnt, ht, tsc, bmi1, bmi2, adx, fma, clflush, clflushopt

Memory: 4k page, system-wide physical 16383M (1334M free)
TotalPageFile size 20479M (AvailPageFile size 5M)
current process WorkingSet (physical memory assigned to process): 108M, peak: 108M
current process commit charge ("private bytes"): 375M, peak: 376M

vm_info: OpenJDK 64-Bit Server VM (15.0.7+4-MTS) for windows-amd64 JRE (15.0.7+4-MTS) (Zulu15.40+19-CA), built on Apr 16 2022 15:25:49 by "zulu_re" with MS VC++ 15.9 (VS2017)

END.
