#
# There is insufficient memory for the Java Runtime Environment to continue.
# Native memory allocation (malloc) failed to allocate 32744 bytes for ChunkPool::allocate
# Possible reasons:
#   The system is out of physical RAM or swap space
#   The process is running with CompressedOops enabled, and the Java Heap may be blocking the growth of the native heap
# Possible solutions:
#   Reduce memory load on the system
#   Increase physical memory or swap space
#   Check if swap backing store is full
#   Decrease Java heap size (-Xmx/-Xms)
#   Decrease number of Java threads
#   Decrease Java thread stack sizes (-Xss)
#   Set larger code cache with -XX:ReservedCodeCacheSize=
#   JVM is running with Zero Based Compressed Oops mode in which the Java heap is
#     placed in the first 32GB address space. The Java Heap base address is the
#     maximum limit for the native heap growth. Please use -XX:HeapBaseMinAddress
#     to set the Java Heap base and to place the Java Heap above 32GB virtual address.
# This output file may be truncated or incomplete.
#
#  Out of Memory Error (./src/hotspot/share/memory/arena.cpp:79), pid=10144, tid=17136
#
# JRE version: OpenJDK Runtime Environment Zulu15.40+19-CA (15.0.7+4) (build 15.0.7+4-MTS)
# Java VM: OpenJDK 64-Bit Server VM Zulu15.40+19-CA (15.0.7+4-MTS, mixed mode, tiered, compressed oops, g1 gc, windows-amd64)
# Core dump will be written. Default location: C:\Users\team9\IdeaProjects\Spot_On_Automation_Framework\WEB_UI_Module\hs_err_pid10144.mdmp
#

---------------  S U M M A R Y ------------

Command Line: -ea -Dtestng.dtd.http=true -DBASE_URI=https://api.spotify.com -DACCOUNT_BASE_URI=https://accounts.spotify.com -Didea.test.cyclic.buffer.size=1048576 -javaagent:C:\Program Files\JetBrains\IntelliJ IDEA Community Edition 2021.3\lib\idea_rt.jar=51545:C:\Program Files\JetBrains\IntelliJ IDEA Community Edition 2021.3\bin -Dfile.encoding=UTF-8 com.intellij.rt.testng.RemoteTestNGStarter -usedefaultlisteners false -socket51544 @w@C:\Users\team9\AppData\Local\Temp\11\idea_working_dirs_testng.tmp -temp C:\Users\team9\AppData\Local\Temp\11\idea_testng.tmp

Host: Intel(R) Xeon(R) Platinum 8171M CPU @ 2.60GHz, 4 cores, 15G,  Windows Server 2019 , 64 bit Build 17763 (10.0.17763.2928)
Time: Mon Jun  6 17:56:16 2022 Coordinated Universal Time elapsed time: 0.518123 seconds (0d 0h 0m 0s)

---------------  T H R E A D  ---------------

Current thread (0x00000197caa975e0):  JavaThread "C2 CompilerThread0" daemon [_thread_in_native, id=17136, stack(0x000000418a000000,0x000000418a100000)]


Current CompileTask:
C2:    518  129       4       java.lang.String::hashCode (60 bytes)

Stack: [0x000000418a000000,0x000000418a100000]
Native frames: (J=compiled Java code, j=interpreted, Vv=VM code, C=native code)
V  [jvm.dll+0x60020a]
V  [jvm.dll+0x79fc29]
V  [jvm.dll+0x7a1383]
V  [jvm.dll+0x7a19d3]
V  [jvm.dll+0x1fc678]
V  [jvm.dll+0x99a5b]
V  [jvm.dll+0x99dbc]
V  [jvm.dll+0x261ea5]
V  [jvm.dll+0x512b7a]
V  [jvm.dll+0x1da59a]
V  [jvm.dll+0x1d417b]
V  [jvm.dll+0x1d15e7]
V  [jvm.dll+0x1646b7]
V  [jvm.dll+0x1e05d4]
V  [jvm.dll+0x1de71b]
V  [jvm.dll+0x7647ad]
V  [jvm.dll+0x75d6aa]
V  [jvm.dll+0x5fefb6]
C  [ucrtbase.dll+0x2268a]
C  [KERNEL32.DLL+0x17974]
C  [ntdll.dll+0x5a2f1]


---------------  P R O C E S S  ---------------

Threads class SMR info:
_java_thread_list=0x00000197ca849530, length=10, elements={
0x00000197a6c3e130, 0x00000197ca70b130, 0x00000197ca70c7d0, 0x00000197ca6f95a0,
0x00000197ca72b110, 0x00000197caa90820, 0x00000197caa975e0, 0x00000197ca72cc60,
0x00000197ca72ea00, 0x00000197c9e68590
}

Java Threads: ( => current thread )
  0x00000197a6c3e130 JavaThread "main" [_thread_blocked, id=34140, stack(0x0000004189400000,0x0000004189500000)]
  0x00000197ca70b130 JavaThread "Reference Handler" daemon [_thread_blocked, id=20228, stack(0x0000004189b00000,0x0000004189c00000)]
  0x00000197ca70c7d0 JavaThread "Finalizer" daemon [_thread_blocked, id=36216, stack(0x0000004189c00000,0x0000004189d00000)]
  0x00000197ca6f95a0 JavaThread "Signal Dispatcher" daemon [_thread_blocked, id=34604, stack(0x0000004189d00000,0x0000004189e00000)]
  0x00000197ca72b110 JavaThread "Attach Listener" daemon [_thread_blocked, id=23844, stack(0x0000004189e00000,0x0000004189f00000)]
  0x00000197caa90820 JavaThread "Service Thread" daemon [_thread_blocked, id=10920, stack(0x0000004189f00000,0x000000418a000000)]
=>0x00000197caa975e0 JavaThread "C2 CompilerThread0" daemon [_thread_in_native, id=17136, stack(0x000000418a000000,0x000000418a100000)]
  0x00000197ca72cc60 JavaThread "C1 CompilerThread0" daemon [_thread_in_vm, id=22176, stack(0x000000418a100000,0x000000418a200000)]
  0x00000197ca72ea00 JavaThread "Sweeper thread" daemon [_thread_blocked, id=3256, stack(0x000000418a200000,0x000000418a300000)]
  0x00000197c9e68590 JavaThread "Common-Cleaner" daemon [_thread_blocked, id=35708, stack(0x000000418a300000,0x000000418a400000)]

Other Threads:
  0x00000197ca6d59d0 VMThread "VM Thread" [stack: 0x0000004189a00000,0x0000004189b00000] [id=10576]
  0x00000197a6c8fbe0 GCTaskThread "GC Thread#0" [stack: 0x0000004189500000,0x0000004189600000] [id=3864]
  0x00000197a6ca0c40 ConcurrentGCThread "G1 Main Marker" [stack: 0x0000004189600000,0x0000004189700000] [id=20408]
  0x00000197a6ca2750 ConcurrentGCThread "G1 Conc#0" [stack: 0x0000004189700000,0x0000004189800000] [id=32112]
  0x00000197c9cfc110 ConcurrentGCThread "G1 Refine#0" [stack: 0x0000004189800000,0x0000004189900000] [id=26612]
  0x00000197c9cfcc20 ConcurrentGCThread "G1 Young RemSet Sampling" [stack: 0x0000004189900000,0x0000004189a00000] [id=28528]

Threads with active compile tasks:
C2 CompilerThread0      557  129       4       java.lang.String::hashCode (60 bytes)
C1 CompilerThread0      559  135       3       java.util.HashMap::resize (356 bytes)

VM state: not at safepoint (normal execution)

VM Mutex/Monitor currently owned by a thread:  ([mutex/lock_event])
[0x00000197a6c39b70] CodeCache_lock - owner thread: 0x00000197ca72cc60
[0x00000197a6c3bb40] Compile_lock - owner thread: 0x00000197ca72cc60
[0x00000197a6c3a430] MethodCompileQueue_lock - owner thread: 0x00000197ca72cc60

Heap address: 0x0000000700000000, size: 4096 MB, Compressed Oops mode: Zero based, Oop shift amount: 3
CDS disabled.
Compressed class space mapped at: 0x0000000800000000-0x0000000840000000, size: 1073741824
Narrow klass base: 0x0000000800000000, Narrow klass shift: 0, Narrow klass range: 0x40000000

GC Precious Log:
 CPUs: 4 total, 4 available
 Memory: 16383M
 Large Page Support: Disabled
 NUMA Support: Disabled
 Compressed Oops: Enabled (Zero based)
 Heap Region Size: 2M
 Heap Min Capacity: 8M
 Heap Initial Capacity: 256M
 Heap Max Capacity: 4G
 Pre-touch: Disabled
 Parallel Workers: 4
 Concurrent Workers: 1
 Concurrent Refinement Workers: 4
 Periodic GC: Disabled

Heap:
 garbage-first heap   total 262144K, used 0K [0x0000000700000000, 0x0000000800000000)
  region size 2048K, 1 young (2048K), 0 survivors (0K)
 Metaspace       used 4782K, capacity 4811K, committed 5120K, reserved 1056768K
  class space    used 379K, capacity 385K, committed 512K, reserved 1048576K

Heap Regions: E=young(eden), S=young(survivor), O=old, HS=humongous(starts), HC=humongous(continues), CS=collection set, F=free, OA=open archive, CA=closed archive, TAMS=top-at-mark-start (previous, next)
|   0|0x0000000700000000, 0x0000000700000000, 0x0000000700200000|  0%| F|  |TAMS 0x0000000700000000, 0x0000000700000000| Untracked 
|   1|0x0000000700200000, 0x0000000700200000, 0x0000000700400000|  0%| F|  |TAMS 0x0000000700200000, 0x0000000700200000| Untracked 
|   2|0x0000000700400000, 0x0000000700400000, 0x0000000700600000|  0%| F|  |TAMS 0x0000000700400000, 0x0000000700400000| Untracked 
|   3|0x0000000700600000, 0x0000000700600000, 0x0000000700800000|  0%| F|  |TAMS 0x0000000700600000, 0x0000000700600000| Untracked 
|   4|0x0000000700800000, 0x0000000700800000, 0x0000000700a00000|  0%| F|  |TAMS 0x0000000700800000, 0x0000000700800000| Untracked 
|   5|0x0000000700a00000, 0x0000000700a00000, 0x0000000700c00000|  0%| F|  |TAMS 0x0000000700a00000, 0x0000000700a00000| Untracked 
|   6|0x0000000700c00000, 0x0000000700c00000, 0x0000000700e00000|  0%| F|  |TAMS 0x0000000700c00000, 0x0000000700c00000| Untracked 
|   7|0x0000000700e00000, 0x0000000700e00000, 0x0000000701000000|  0%| F|  |TAMS 0x0000000700e00000, 0x0000000700e00000| Untracked 
|   8|0x0000000701000000, 0x0000000701000000, 0x0000000701200000|  0%| F|  |TAMS 0x0000000701000000, 0x0000000701000000| Untracked 
|   9|0x0000000701200000, 0x0000000701200000, 0x0000000701400000|  0%| F|  |TAMS 0x0000000701200000, 0x0000000701200000| Untracked 
|  10|0x0000000701400000, 0x0000000701400000, 0x0000000701600000|  0%| F|  |TAMS 0x0000000701400000, 0x0000000701400000| Untracked 
|  11|0x0000000701600000, 0x0000000701600000, 0x0000000701800000|  0%| F|  |TAMS 0x0000000701600000, 0x0000000701600000| Untracked 
|  12|0x0000000701800000, 0x0000000701800000, 0x0000000701a00000|  0%| F|  |TAMS 0x0000000701800000, 0x0000000701800000| Untracked 
|  13|0x0000000701a00000, 0x0000000701a00000, 0x0000000701c00000|  0%| F|  |TAMS 0x0000000701a00000, 0x0000000701a00000| Untracked 
|  14|0x0000000701c00000, 0x0000000701c00000, 0x0000000701e00000|  0%| F|  |TAMS 0x0000000701c00000, 0x0000000701c00000| Untracked 
|  15|0x0000000701e00000, 0x0000000701e00000, 0x0000000702000000|  0%| F|  |TAMS 0x0000000701e00000, 0x0000000701e00000| Untracked 
|  16|0x0000000702000000, 0x0000000702000000, 0x0000000702200000|  0%| F|  |TAMS 0x0000000702000000, 0x0000000702000000| Untracked 
|  17|0x0000000702200000, 0x0000000702200000, 0x0000000702400000|  0%| F|  |TAMS 0x0000000702200000, 0x0000000702200000| Untracked 
|  18|0x0000000702400000, 0x0000000702400000, 0x0000000702600000|  0%| F|  |TAMS 0x0000000702400000, 0x0000000702400000| Untracked 
|  19|0x0000000702600000, 0x0000000702600000, 0x0000000702800000|  0%| F|  |TAMS 0x0000000702600000, 0x0000000702600000| Untracked 
|  20|0x0000000702800000, 0x0000000702800000, 0x0000000702a00000|  0%| F|  |TAMS 0x0000000702800000, 0x0000000702800000| Untracked 
|  21|0x0000000702a00000, 0x0000000702a00000, 0x0000000702c00000|  0%| F|  |TAMS 0x0000000702a00000, 0x0000000702a00000| Untracked 
|  22|0x0000000702c00000, 0x0000000702c00000, 0x0000000702e00000|  0%| F|  |TAMS 0x0000000702c00000, 0x0000000702c00000| Untracked 
|  23|0x0000000702e00000, 0x0000000702e00000, 0x0000000703000000|  0%| F|  |TAMS 0x0000000702e00000, 0x0000000702e00000| Untracked 
|  24|0x0000000703000000, 0x0000000703000000, 0x0000000703200000|  0%| F|  |TAMS 0x0000000703000000, 0x0000000703000000| Untracked 
|  25|0x0000000703200000, 0x0000000703200000, 0x0000000703400000|  0%| F|  |TAMS 0x0000000703200000, 0x0000000703200000| Untracked 
|  26|0x0000000703400000, 0x0000000703400000, 0x0000000703600000|  0%| F|  |TAMS 0x0000000703400000, 0x0000000703400000| Untracked 
|  27|0x0000000703600000, 0x0000000703600000, 0x0000000703800000|  0%| F|  |TAMS 0x0000000703600000, 0x0000000703600000| Untracked 
|  28|0x0000000703800000, 0x0000000703800000, 0x0000000703a00000|  0%| F|  |TAMS 0x0000000703800000, 0x0000000703800000| Untracked 
|  29|0x0000000703a00000, 0x0000000703a00000, 0x0000000703c00000|  0%| F|  |TAMS 0x0000000703a00000, 0x0000000703a00000| Untracked 
|  30|0x0000000703c00000, 0x0000000703c00000, 0x0000000703e00000|  0%| F|  |TAMS 0x0000000703c00000, 0x0000000703c00000| Untracked 
|  31|0x0000000703e00000, 0x0000000703e00000, 0x0000000704000000|  0%| F|  |TAMS 0x0000000703e00000, 0x0000000703e00000| Untracked 
|  32|0x0000000704000000, 0x0000000704000000, 0x0000000704200000|  0%| F|  |TAMS 0x0000000704000000, 0x0000000704000000| Untracked 
|  33|0x0000000704200000, 0x0000000704200000, 0x0000000704400000|  0%| F|  |TAMS 0x0000000704200000, 0x0000000704200000| Untracked 
|  34|0x0000000704400000, 0x0000000704400000, 0x0000000704600000|  0%| F|  |TAMS 0x0000000704400000, 0x0000000704400000| Untracked 
|  35|0x0000000704600000, 0x0000000704600000, 0x0000000704800000|  0%| F|  |TAMS 0x0000000704600000, 0x0000000704600000| Untracked 
|  36|0x0000000704800000, 0x0000000704800000, 0x0000000704a00000|  0%| F|  |TAMS 0x0000000704800000, 0x0000000704800000| Untracked 
|  37|0x0000000704a00000, 0x0000000704a00000, 0x0000000704c00000|  0%| F|  |TAMS 0x0000000704a00000, 0x0000000704a00000| Untracked 
|  38|0x0000000704c00000, 0x0000000704c00000, 0x0000000704e00000|  0%| F|  |TAMS 0x0000000704c00000, 0x0000000704c00000| Untracked 
|  39|0x0000000704e00000, 0x0000000704e00000, 0x0000000705000000|  0%| F|  |TAMS 0x0000000704e00000, 0x0000000704e00000| Untracked 
|  40|0x0000000705000000, 0x0000000705000000, 0x0000000705200000|  0%| F|  |TAMS 0x0000000705000000, 0x0000000705000000| Untracked 
|  41|0x0000000705200000, 0x0000000705200000, 0x0000000705400000|  0%| F|  |TAMS 0x0000000705200000, 0x0000000705200000| Untracked 
|  42|0x0000000705400000, 0x0000000705400000, 0x0000000705600000|  0%| F|  |TAMS 0x0000000705400000, 0x0000000705400000| Untracked 
|  43|0x0000000705600000, 0x0000000705600000, 0x0000000705800000|  0%| F|  |TAMS 0x0000000705600000, 0x0000000705600000| Untracked 
|  44|0x0000000705800000, 0x0000000705800000, 0x0000000705a00000|  0%| F|  |TAMS 0x0000000705800000, 0x0000000705800000| Untracked 
|  45|0x0000000705a00000, 0x0000000705a00000, 0x0000000705c00000|  0%| F|  |TAMS 0x0000000705a00000, 0x0000000705a00000| Untracked 
|  46|0x0000000705c00000, 0x0000000705c00000, 0x0000000705e00000|  0%| F|  |TAMS 0x0000000705c00000, 0x0000000705c00000| Untracked 
|  47|0x0000000705e00000, 0x0000000705e00000, 0x0000000706000000|  0%| F|  |TAMS 0x0000000705e00000, 0x0000000705e00000| Untracked 
|  48|0x0000000706000000, 0x0000000706000000, 0x0000000706200000|  0%| F|  |TAMS 0x0000000706000000, 0x0000000706000000| Untracked 
|  49|0x0000000706200000, 0x0000000706200000, 0x0000000706400000|  0%| F|  |TAMS 0x0000000706200000, 0x0000000706200000| Untracked 
|  50|0x0000000706400000, 0x0000000706400000, 0x0000000706600000|  0%| F|  |TAMS 0x0000000706400000, 0x0000000706400000| Untracked 
|  51|0x0000000706600000, 0x0000000706600000, 0x0000000706800000|  0%| F|  |TAMS 0x0000000706600000, 0x0000000706600000| Untracked 
|  52|0x0000000706800000, 0x0000000706800000, 0x0000000706a00000|  0%| F|  |TAMS 0x0000000706800000, 0x0000000706800000| Untracked 
|  53|0x0000000706a00000, 0x0000000706a00000, 0x0000000706c00000|  0%| F|  |TAMS 0x0000000706a00000, 0x0000000706a00000| Untracked 
|  54|0x0000000706c00000, 0x0000000706c00000, 0x0000000706e00000|  0%| F|  |TAMS 0x0000000706c00000, 0x0000000706c00000| Untracked 
|  55|0x0000000706e00000, 0x0000000706e00000, 0x0000000707000000|  0%| F|  |TAMS 0x0000000706e00000, 0x0000000706e00000| Untracked 
|  56|0x0000000707000000, 0x0000000707000000, 0x0000000707200000|  0%| F|  |TAMS 0x0000000707000000, 0x0000000707000000| Untracked 
|  57|0x0000000707200000, 0x0000000707200000, 0x0000000707400000|  0%| F|  |TAMS 0x0000000707200000, 0x0000000707200000| Untracked 
|  58|0x0000000707400000, 0x0000000707400000, 0x0000000707600000|  0%| F|  |TAMS 0x0000000707400000, 0x0000000707400000| Untracked 
|  59|0x0000000707600000, 0x0000000707600000, 0x0000000707800000|  0%| F|  |TAMS 0x0000000707600000, 0x0000000707600000| Untracked 
|  60|0x0000000707800000, 0x0000000707800000, 0x0000000707a00000|  0%| F|  |TAMS 0x0000000707800000, 0x0000000707800000| Untracked 
|  61|0x0000000707a00000, 0x0000000707a00000, 0x0000000707c00000|  0%| F|  |TAMS 0x0000000707a00000, 0x0000000707a00000| Untracked 
|  62|0x0000000707c00000, 0x0000000707c00000, 0x0000000707e00000|  0%| F|  |TAMS 0x0000000707c00000, 0x0000000707c00000| Untracked 
|  63|0x0000000707e00000, 0x0000000707e00000, 0x0000000708000000|  0%| F|  |TAMS 0x0000000707e00000, 0x0000000707e00000| Untracked 
|  64|0x0000000708000000, 0x0000000708000000, 0x0000000708200000|  0%| F|  |TAMS 0x0000000708000000, 0x0000000708000000| Untracked 
|  65|0x0000000708200000, 0x0000000708200000, 0x0000000708400000|  0%| F|  |TAMS 0x0000000708200000, 0x0000000708200000| Untracked 
|  66|0x0000000708400000, 0x0000000708400000, 0x0000000708600000|  0%| F|  |TAMS 0x0000000708400000, 0x0000000708400000| Untracked 
|  67|0x0000000708600000, 0x0000000708600000, 0x0000000708800000|  0%| F|  |TAMS 0x0000000708600000, 0x0000000708600000| Untracked 
|  68|0x0000000708800000, 0x0000000708800000, 0x0000000708a00000|  0%| F|  |TAMS 0x0000000708800000, 0x0000000708800000| Untracked 
|  69|0x0000000708a00000, 0x0000000708a00000, 0x0000000708c00000|  0%| F|  |TAMS 0x0000000708a00000, 0x0000000708a00000| Untracked 
|  70|0x0000000708c00000, 0x0000000708c00000, 0x0000000708e00000|  0%| F|  |TAMS 0x0000000708c00000, 0x0000000708c00000| Untracked 
|  71|0x0000000708e00000, 0x0000000708e00000, 0x0000000709000000|  0%| F|  |TAMS 0x0000000708e00000, 0x0000000708e00000| Untracked 
|  72|0x0000000709000000, 0x0000000709000000, 0x0000000709200000|  0%| F|  |TAMS 0x0000000709000000, 0x0000000709000000| Untracked 
|  73|0x0000000709200000, 0x0000000709200000, 0x0000000709400000|  0%| F|  |TAMS 0x0000000709200000, 0x0000000709200000| Untracked 
|  74|0x0000000709400000, 0x0000000709400000, 0x0000000709600000|  0%| F|  |TAMS 0x0000000709400000, 0x0000000709400000| Untracked 
|  75|0x0000000709600000, 0x0000000709600000, 0x0000000709800000|  0%| F|  |TAMS 0x0000000709600000, 0x0000000709600000| Untracked 
|  76|0x0000000709800000, 0x0000000709800000, 0x0000000709a00000|  0%| F|  |TAMS 0x0000000709800000, 0x0000000709800000| Untracked 
|  77|0x0000000709a00000, 0x0000000709a00000, 0x0000000709c00000|  0%| F|  |TAMS 0x0000000709a00000, 0x0000000709a00000| Untracked 
|  78|0x0000000709c00000, 0x0000000709c00000, 0x0000000709e00000|  0%| F|  |TAMS 0x0000000709c00000, 0x0000000709c00000| Untracked 
|  79|0x0000000709e00000, 0x0000000709e00000, 0x000000070a000000|  0%| F|  |TAMS 0x0000000709e00000, 0x0000000709e00000| Untracked 
|  80|0x000000070a000000, 0x000000070a000000, 0x000000070a200000|  0%| F|  |TAMS 0x000000070a000000, 0x000000070a000000| Untracked 
|  81|0x000000070a200000, 0x000000070a200000, 0x000000070a400000|  0%| F|  |TAMS 0x000000070a200000, 0x000000070a200000| Untracked 
|  82|0x000000070a400000, 0x000000070a400000, 0x000000070a600000|  0%| F|  |TAMS 0x000000070a400000, 0x000000070a400000| Untracked 
|  83|0x000000070a600000, 0x000000070a600000, 0x000000070a800000|  0%| F|  |TAMS 0x000000070a600000, 0x000000070a600000| Untracked 
|  84|0x000000070a800000, 0x000000070a800000, 0x000000070aa00000|  0%| F|  |TAMS 0x000000070a800000, 0x000000070a800000| Untracked 
|  85|0x000000070aa00000, 0x000000070aa00000, 0x000000070ac00000|  0%| F|  |TAMS 0x000000070aa00000, 0x000000070aa00000| Untracked 
|  86|0x000000070ac00000, 0x000000070ac00000, 0x000000070ae00000|  0%| F|  |TAMS 0x000000070ac00000, 0x000000070ac00000| Untracked 
|  87|0x000000070ae00000, 0x000000070ae00000, 0x000000070b000000|  0%| F|  |TAMS 0x000000070ae00000, 0x000000070ae00000| Untracked 
|  88|0x000000070b000000, 0x000000070b000000, 0x000000070b200000|  0%| F|  |TAMS 0x000000070b000000, 0x000000070b000000| Untracked 
|  89|0x000000070b200000, 0x000000070b200000, 0x000000070b400000|  0%| F|  |TAMS 0x000000070b200000, 0x000000070b200000| Untracked 
|  90|0x000000070b400000, 0x000000070b400000, 0x000000070b600000|  0%| F|  |TAMS 0x000000070b400000, 0x000000070b400000| Untracked 
|  91|0x000000070b600000, 0x000000070b600000, 0x000000070b800000|  0%| F|  |TAMS 0x000000070b600000, 0x000000070b600000| Untracked 
|  92|0x000000070b800000, 0x000000070b800000, 0x000000070ba00000|  0%| F|  |TAMS 0x000000070b800000, 0x000000070b800000| Untracked 
|  93|0x000000070ba00000, 0x000000070ba00000, 0x000000070bc00000|  0%| F|  |TAMS 0x000000070ba00000, 0x000000070ba00000| Untracked 
|  94|0x000000070bc00000, 0x000000070bc00000, 0x000000070be00000|  0%| F|  |TAMS 0x000000070bc00000, 0x000000070bc00000| Untracked 
|  95|0x000000070be00000, 0x000000070be00000, 0x000000070c000000|  0%| F|  |TAMS 0x000000070be00000, 0x000000070be00000| Untracked 
|  96|0x000000070c000000, 0x000000070c000000, 0x000000070c200000|  0%| F|  |TAMS 0x000000070c000000, 0x000000070c000000| Untracked 
|  97|0x000000070c200000, 0x000000070c200000, 0x000000070c400000|  0%| F|  |TAMS 0x000000070c200000, 0x000000070c200000| Untracked 
|  98|0x000000070c400000, 0x000000070c400000, 0x000000070c600000|  0%| F|  |TAMS 0x000000070c400000, 0x000000070c400000| Untracked 
|  99|0x000000070c600000, 0x000000070c600000, 0x000000070c800000|  0%| F|  |TAMS 0x000000070c600000, 0x000000070c600000| Untracked 
| 100|0x000000070c800000, 0x000000070c800000, 0x000000070ca00000|  0%| F|  |TAMS 0x000000070c800000, 0x000000070c800000| Untracked 
| 101|0x000000070ca00000, 0x000000070ca00000, 0x000000070cc00000|  0%| F|  |TAMS 0x000000070ca00000, 0x000000070ca00000| Untracked 
| 102|0x000000070cc00000, 0x000000070cc00000, 0x000000070ce00000|  0%| F|  |TAMS 0x000000070cc00000, 0x000000070cc00000| Untracked 
| 103|0x000000070ce00000, 0x000000070ce00000, 0x000000070d000000|  0%| F|  |TAMS 0x000000070ce00000, 0x000000070ce00000| Untracked 
| 104|0x000000070d000000, 0x000000070d000000, 0x000000070d200000|  0%| F|  |TAMS 0x000000070d000000, 0x000000070d000000| Untracked 
| 105|0x000000070d200000, 0x000000070d200000, 0x000000070d400000|  0%| F|  |TAMS 0x000000070d200000, 0x000000070d200000| Untracked 
| 106|0x000000070d400000, 0x000000070d400000, 0x000000070d600000|  0%| F|  |TAMS 0x000000070d400000, 0x000000070d400000| Untracked 
| 107|0x000000070d600000, 0x000000070d600000, 0x000000070d800000|  0%| F|  |TAMS 0x000000070d600000, 0x000000070d600000| Untracked 
| 108|0x000000070d800000, 0x000000070d800000, 0x000000070da00000|  0%| F|  |TAMS 0x000000070d800000, 0x000000070d800000| Untracked 
| 109|0x000000070da00000, 0x000000070da00000, 0x000000070dc00000|  0%| F|  |TAMS 0x000000070da00000, 0x000000070da00000| Untracked 
| 110|0x000000070dc00000, 0x000000070dc00000, 0x000000070de00000|  0%| F|  |TAMS 0x000000070dc00000, 0x000000070dc00000| Untracked 
| 111|0x000000070de00000, 0x000000070de00000, 0x000000070e000000|  0%| F|  |TAMS 0x000000070de00000, 0x000000070de00000| Untracked 
| 112|0x000000070e000000, 0x000000070e000000, 0x000000070e200000|  0%| F|  |TAMS 0x000000070e000000, 0x000000070e000000| Untracked 
| 113|0x000000070e200000, 0x000000070e200000, 0x000000070e400000|  0%| F|  |TAMS 0x000000070e200000, 0x000000070e200000| Untracked 
| 114|0x000000070e400000, 0x000000070e400000, 0x000000070e600000|  0%| F|  |TAMS 0x000000070e400000, 0x000000070e400000| Untracked 
| 115|0x000000070e600000, 0x000000070e600000, 0x000000070e800000|  0%| F|  |TAMS 0x000000070e600000, 0x000000070e600000| Untracked 
| 116|0x000000070e800000, 0x000000070e800000, 0x000000070ea00000|  0%| F|  |TAMS 0x000000070e800000, 0x000000070e800000| Untracked 
| 117|0x000000070ea00000, 0x000000070ea00000, 0x000000070ec00000|  0%| F|  |TAMS 0x000000070ea00000, 0x000000070ea00000| Untracked 
| 118|0x000000070ec00000, 0x000000070ec00000, 0x000000070ee00000|  0%| F|  |TAMS 0x000000070ec00000, 0x000000070ec00000| Untracked 
| 119|0x000000070ee00000, 0x000000070ee00000, 0x000000070f000000|  0%| F|  |TAMS 0x000000070ee00000, 0x000000070ee00000| Untracked 
| 120|0x000000070f000000, 0x000000070f000000, 0x000000070f200000|  0%| F|  |TAMS 0x000000070f000000, 0x000000070f000000| Untracked 
| 121|0x000000070f200000, 0x000000070f200000, 0x000000070f400000|  0%| F|  |TAMS 0x000000070f200000, 0x000000070f200000| Untracked 
| 122|0x000000070f400000, 0x000000070f400000, 0x000000070f600000|  0%| F|  |TAMS 0x000000070f400000, 0x000000070f400000| Untracked 
| 123|0x000000070f600000, 0x000000070f600000, 0x000000070f800000|  0%| F|  |TAMS 0x000000070f600000, 0x000000070f600000| Untracked 
| 124|0x000000070f800000, 0x000000070f800000, 0x000000070fa00000|  0%| F|  |TAMS 0x000000070f800000, 0x000000070f800000| Untracked 
| 125|0x000000070fa00000, 0x000000070fa00000, 0x000000070fc00000|  0%| F|  |TAMS 0x000000070fa00000, 0x000000070fa00000| Untracked 
| 126|0x000000070fc00000, 0x000000070fc00000, 0x000000070fe00000|  0%| F|  |TAMS 0x000000070fc00000, 0x000000070fc00000| Untracked 
| 127|0x000000070fe00000, 0x000000070ff70cd8, 0x0000000710000000| 72%| E|  |TAMS 0x000000070fe00000, 0x000000070fe00000| Complete 

Card table byte_map: [0x00000197be960000,0x00000197bf160000] _byte_map_base: 0x00000197bb160000

Marking Bits (Prev, Next): (CMBitMap*) 0x00000197a6c902e0, (CMBitMap*) 0x00000197a6c90320
 Prev Bits: [0x00000197bf960000, 0x00000197c3960000)
 Next Bits: [0x00000197c3960000, 0x00000197c7960000)

Polling page: 0x00000197a4b60000

Metaspace:

Usage:
  Non-class:      4.32 MB capacity,     4.30 MB (>99%) used,    22.38 KB ( <1%) free+waste,   640 bytes ( <1%) overhead. 
      Class:    385.00 KB capacity,   379.73 KB ( 99%) used,     5.14 KB (  1%) free+waste,   128 bytes ( <1%) overhead. 
       Both:      4.70 MB capacity,     4.67 MB (>99%) used,    27.52 KB ( <1%) free+waste,   768 bytes ( <1%) overhead. 

Virtual space:
  Non-class space:        8.00 MB reserved,       4.50 MB ( 56%) committed 
      Class space:        1.00 GB reserved,     512.00 KB ( <1%) committed 
             Both:        1.01 GB reserved,       5.00 MB ( <1%) committed 

Chunk freelists:
   Non-Class:  54.00 KB
       Class:  0 bytes
        Both:  54.00 KB

MaxMetaspaceSize: 17179869184.00 GB
CompressedClassSpaceSize: 1.00 GB

CodeHeap 'non-profiled nmethods': size=120000Kb used=36Kb max_used=36Kb free=119963Kb
 bounds [0x00000197b6c30000, 0x00000197b6ea0000, 0x00000197be160000]
CodeHeap 'profiled nmethods': size=120000Kb used=160Kb max_used=160Kb free=119839Kb
 bounds [0x00000197af700000, 0x00000197af970000, 0x00000197b6c30000]
CodeHeap 'non-nmethods': size=5760Kb used=1084Kb max_used=1098Kb free=4675Kb
 bounds [0x00000197af160000, 0x00000197af3d0000, 0x00000197af700000]
 total_blobs=443 nmethods=126 adapters=229
 compilation: enabled
              stopped_count=0, restarted_count=0
 full_count=0

Compilation events (20 events):
Event: 0.509 Thread 0x00000197ca72cc60  110       3       java.util.ImmutableCollections$Set12$1::hasNext (13 bytes)
Event: 0.509 Thread 0x00000197ca72cc60 nmethod 110 0x00000197af723910 code [0x00000197af723aa0, 0x00000197af723bf8]
Event: 0.509 Thread 0x00000197ca72cc60  124       3       jdk.internal.module.ModuleReferenceImpl::hashCode (56 bytes)
Event: 0.509 Thread 0x00000197ca72cc60 nmethod 124 0x00000197af723c90 code [0x00000197af723e80, 0x00000197af724308]
Event: 0.509 Thread 0x00000197ca72cc60  125       1       java.util.ImmutableCollections$Set12::isEmpty (2 bytes)
Event: 0.510 Thread 0x00000197ca72cc60 nmethod 125 0x00000197b6c38790 code [0x00000197b6c38920, 0x00000197b6c389d8]
Event: 0.510 Thread 0x00000197ca72cc60  119       3       java.lang.module.ModuleDescriptor::hashCode (170 bytes)
Event: 0.510 Thread 0x00000197caa975e0  129       4       java.lang.String::hashCode (60 bytes)
Event: 0.510 Thread 0x00000197ca72cc60 nmethod 119 0x00000197af724490 code [0x00000197af724720, 0x00000197af725408]
Event: 0.511 Thread 0x00000197ca72cc60  128       3       java.lang.module.ModuleDescriptor$Exports::isQualified (18 bytes)
Event: 0.511 Thread 0x00000197ca72cc60 nmethod 128 0x00000197af725810 code [0x00000197af7259c0, 0x00000197af725be8]
Event: 0.511 Thread 0x00000197ca72cc60  126       1       java.lang.module.ModuleDescriptor$Exports::targets (5 bytes)
Event: 0.511 Thread 0x00000197ca72cc60 nmethod 126 0x00000197b6c38a90 code [0x00000197b6c38c20, 0x00000197b6c38cd8]
Event: 0.511 Thread 0x00000197ca72cc60  130       3       java.util.ImmutableCollections$SetN::isEmpty (13 bytes)
Event: 0.511 Thread 0x00000197ca72cc60 nmethod 130 0x00000197af725c90 code [0x00000197af725e20, 0x00000197af725f78]
Event: 0.511 Thread 0x00000197ca72cc60  133       3       java.util.HashMap::putIfAbsent (13 bytes)
Event: 0.511 Thread 0x00000197ca72cc60 nmethod 133 0x00000197af726010 code [0x00000197af7261c0, 0x00000197af7264b8]
Event: 0.511 Thread 0x00000197ca72cc60  127       1       java.lang.module.ModuleDescriptor$Exports::source (5 bytes)
Event: 0.511 Thread 0x00000197ca72cc60 nmethod 127 0x00000197b6c38d90 code [0x00000197b6c38f20, 0x00000197b6c38fd8]
Event: 0.511 Thread 0x00000197ca72cc60  135       3       java.util.HashMap::resize (356 bytes)

GC Heap History (0 events):
No events

Deoptimization events (0 events):
No events

Classes unloaded (0 events):
No events

Classes redefined (0 events):
No events

Internal exceptions (0 events):
No events

Events (20 events):
Event: 0.497 loading class java/lang/module/ModuleFinder$1
Event: 0.497 loading class java/lang/module/ModuleFinder$1 done
Event: 0.497 loading class java/util/ImmutableCollections$ListItr
Event: 0.497 loading class java/util/ListIterator
Event: 0.497 loading class java/util/ListIterator done
Event: 0.497 loading class java/util/ImmutableCollections$ListItr done
Event: 0.498 loading class java/lang/ModuleLayer
Event: 0.500 loading class java/lang/ModuleLayer done
Event: 0.502 loading class java/util/HashMap$Values
Event: 0.502 loading class java/util/HashMap$Values done
Event: 0.502 loading class java/util/HashMap$ValueIterator
Event: 0.502 loading class java/util/HashMap$ValueIterator done
Event: 0.503 loading class java/util/LinkedHashSet
Event: 0.503 loading class java/util/LinkedHashSet done
Event: 0.503 loading class java/util/LinkedHashMap
Event: 0.505 loading class java/util/LinkedHashMap done
Event: 0.506 loading class java/util/Collections$UnmodifiableCollection$1
Event: 0.507 loading class java/util/Collections$UnmodifiableCollection$1 done
Event: 0.507 loading class java/lang/module/ResolvedModule
Event: 0.507 loading class java/lang/module/ResolvedModule done


Dynamic libraries:
0x00007ff6ccec0000 - 0x00007ff6ccecd000 	C:\Users\team9\.jdks\azul-15.0.7\bin\java.exe
0x00007ffcaf8d0000 - 0x00007ffcafabd000 	C:\Windows\SYSTEM32\ntdll.dll
0x00007ffcaf270000 - 0x00007ffcaf323000 	C:\Windows\System32\KERNEL32.DLL
0x00007ffcabb70000 - 0x00007ffcabe04000 	C:\Windows\System32\KERNELBASE.dll
0x00007ffcabf40000 - 0x00007ffcac03a000 	C:\Windows\System32\ucrtbase.dll
0x00007ffc931c0000 - 0x00007ffc931d8000 	C:\Users\team9\.jdks\azul-15.0.7\bin\jli.dll
0x00007ffcad140000 - 0x00007ffcad2d7000 	C:\Windows\System32\USER32.dll
0x00007ffcac0f0000 - 0x00007ffcac110000 	C:\Windows\System32\win32u.dll
0x00007ffcacdb0000 - 0x00007ffcacdd9000 	C:\Windows\System32\GDI32.dll
0x00007ffcab960000 - 0x00007ffcabafc000 	C:\Windows\System32\gdi32full.dll
0x00007ffcac110000 - 0x00007ffcac1b0000 	C:\Windows\System32\msvcp_win.dll
0x00007ffc93120000 - 0x00007ffc93135000 	C:\Users\team9\.jdks\azul-15.0.7\bin\VCRUNTIME140.dll
0x00007ffc92a60000 - 0x00007ffc92cd9000 	C:\Windows\WinSxS\amd64_microsoft.windows.common-controls_6595b64144ccf1df_6.0.17763.2928_none_de6f2d70534d3d29\COMCTL32.dll
0x00007ffcacde0000 - 0x00007ffcace7e000 	C:\Windows\System32\msvcrt.dll
0x00007ffcad310000 - 0x00007ffcad63d000 	C:\Windows\System32\combase.dll
0x00007ffcad820000 - 0x00007ffcad93d000 	C:\Windows\System32\RPCRT4.dll
0x00007ffcabe10000 - 0x00007ffcabe92000 	C:\Windows\System32\bcryptPrimitives.dll
0x00007ffcaf3e0000 - 0x00007ffcaf40e000 	C:\Windows\System32\IMM32.DLL
0x00007ffc71620000 - 0x00007ffc716bb000 	C:\Users\team9\.jdks\azul-15.0.7\bin\msvcp140.dll
0x00007ffc57880000 - 0x00007ffc5841a000 	C:\Users\team9\.jdks\azul-15.0.7\bin\server\jvm.dll
0x00007ffcad090000 - 0x00007ffcad137000 	C:\Windows\System32\ADVAPI32.dll
0x00007ffcad940000 - 0x00007ffcad9df000 	C:\Windows\System32\sechost.dll
0x00007ffcaf890000 - 0x00007ffcaf898000 	C:\Windows\System32\PSAPI.DLL
0x00007ffc93ce0000 - 0x00007ffc93ce9000 	C:\Windows\SYSTEM32\WSOCK32.dll
0x00007ffcad7b0000 - 0x00007ffcad81d000 	C:\Windows\System32\WS2_32.dll
0x00007ffca3920000 - 0x00007ffca392a000 	C:\Windows\SYSTEM32\VERSION.dll
0x00007ffca1340000 - 0x00007ffca1364000 	C:\Windows\SYSTEM32\WINMM.dll
0x00007ffc9fd10000 - 0x00007ffc9fd3d000 	C:\Windows\SYSTEM32\WINMMBASE.dll
0x00007ffcabec0000 - 0x00007ffcabf0a000 	C:\Windows\System32\cfgmgr32.dll
0x00007ffcab8b0000 - 0x00007ffcab8c1000 	C:\Windows\System32\kernel.appcore.dll
0x00007ffc93bd0000 - 0x00007ffc93bda000 	C:\Users\team9\.jdks\azul-15.0.7\bin\jimage.dll
0x00007ffca2070000 - 0x00007ffca225d000 	C:\Windows\SYSTEM32\DBGHELP.DLL
0x00007ffca14e0000 - 0x00007ffca150a000 	C:\Windows\SYSTEM32\dbgcore.DLL
0x00007ffc92d40000 - 0x00007ffc92d4e000 	C:\Users\team9\.jdks\azul-15.0.7\bin\instrument.dll
0x00007ffc930c0000 - 0x00007ffc930e5000 	C:\Users\team9\.jdks\azul-15.0.7\bin\java.dll
0x00007ffcadd70000 - 0x00007ffcaf269000 	C:\Windows\System32\SHELL32.dll
0x00007ffcad6a0000 - 0x00007ffcad748000 	C:\Windows\System32\shcore.dll
0x00007ffcac3b0000 - 0x00007ffcacaf8000 	C:\Windows\System32\windows.storage.dll
0x00007ffcab8d0000 - 0x00007ffcab8f4000 	C:\Windows\System32\profapi.dll
0x00007ffcab900000 - 0x00007ffcab95d000 	C:\Windows\System32\powrprof.dll
0x00007ffcad640000 - 0x00007ffcad692000 	C:\Windows\System32\shlwapi.dll
0x00007ffcabea0000 - 0x00007ffcabeb7000 	C:\Windows\System32\cryptsp.dll

dbghelp: loaded successfully - version: 4.0.5 - missing functions: none
symbol engine: initialized successfully - sym options: 0x614 - pdb path: .;C:\Users\team9\.jdks\azul-15.0.7\bin;C:\Windows\SYSTEM32;C:\Windows\WinSxS\amd64_microsoft.windows.common-controls_6595b64144ccf1df_6.0.17763.2928_none_de6f2d70534d3d29;C:\Users\team9\.jdks\azul-15.0.7\bin\server

VM Arguments:
jvm_args: -ea -Dtestng.dtd.http=true -DBASE_URI=https://api.spotify.com -DACCOUNT_BASE_URI=https://accounts.spotify.com -Didea.test.cyclic.buffer.size=1048576 -javaagent:C:\Program Files\JetBrains\IntelliJ IDEA Community Edition 2021.3\lib\idea_rt.jar=51545:C:\Program Files\JetBrains\IntelliJ IDEA Community Edition 2021.3\bin -Dfile.encoding=UTF-8 
java_command: com.intellij.rt.testng.RemoteTestNGStarter -usedefaultlisteners false -socket51544 @w@C:\Users\team9\AppData\Local\Temp\11\idea_working_dirs_testng.tmp -temp C:\Users\team9\AppData\Local\Temp\11\idea_testng.tmp
java_class_path (initial): C:\Program Files\JetBrains\IntelliJ IDEA Community Edition 2021.3\lib\idea_rt.jar;C:\Program Files\JetBrains\IntelliJ IDEA Community Edition 2021.3\plugins\testng\lib\testng-rt.jar;C:\Users\team9\IdeaProjects\Spot_On_Automation_Framework\WEB_UI_Module\target\classes;C:\Users\team9\.m2\repository\org\testng\testng\6.14.3\testng-6.14.3.jar;C:\Users\team9\.m2\repository\com\beust\jcommander\1.72\jcommander-1.72.jar;C:\Users\team9\.m2\repository\org\apache-extras\beanshell\bsh\2.0b6\bsh-2.0b6.jar;C:\Users\team9\.m2\repository\org\projectlombok\lombok\1.18.4\lombok-1.18.4.jar;C:\Users\team9\.m2\repository\com\codeborne\selenide\5.10.0\selenide-5.10.0.jar;C:\Users\team9\.m2\repository\org\seleniumhq\selenium\selenium-java\3.141.59\selenium-java-3.141.59.jar;C:\Users\team9\.m2\repository\org\seleniumhq\selenium\selenium-api\3.141.59\selenium-api-3.141.59.jar;C:\Users\team9\.m2\repository\org\seleniumhq\selenium\selenium-chrome-driver\3.141.59\selenium-chrome-driver-3.141.59.jar;C:\Users\team9\.m2\repository\org\seleniumhq\selenium\selenium-edge-driver\3.141.59\selenium-edge-driver-3.141.59.jar;C:\Users\team9\.m2\repository\org\seleniumhq\selenium\selenium-firefox-driver\3.141.59\selenium-firefox-driver-3.141.59.jar;C:\Users\team9\.m2\repository\org\seleniumhq\selenium\selenium-ie-driver\3.141.59\selenium-ie-driver-3.141.59.jar;C:\Users\team9\.m2\repository\org\seleniumhq\selenium\selenium-opera-driver\3.141.59\selenium-opera-driver-3.141.59.jar;C:\Users\team9\.m2\repository\org\seleniumhq\selenium\selenium-remote-driver\3.141.59\selenium-remote-driver-3.141.59.jar;C:\Users\team9\.m2\repository\org\seleniumhq\selenium\selenium-safari-driver\3.141.59\selenium-safari-driver-3.141.59.jar;C:\Users\team9\.m2\repository\org\seleniumhq\selenium\selenium-support\3.141.59\selenium-support-3.141.59.jar;C:\Users\team9\.m2\repository\org\apache\commons\commons-exec\1.3\commons-exec-1.3.jar;C:\Users\team9\.m2\repository\com\squareup\okhttp3\okhttp\3.11.0\okh
Launcher Type: SUN_STANDARD

[Global flags]
     intx CICompilerCount                          = 3                                         {product} {ergonomic}
     uint ConcGCThreads                            = 1                                         {product} {ergonomic}
     uint G1ConcRefinementThreads                  = 4                                         {product} {ergonomic}
   size_t G1HeapRegionSize                         = 2097152                                   {product} {ergonomic}
    uintx GCDrainStackTargetSize                   = 64                                        {product} {ergonomic}
   size_t InitialHeapSize                          = 268435456                                 {product} {ergonomic}
   size_t MarkStackSize                            = 4194304                                   {product} {ergonomic}
   size_t MaxHeapSize                              = 4294967296                                {product} {ergonomic}
   size_t MaxNewSize                               = 2575302656                                {product} {ergonomic}
   size_t MinHeapDeltaBytes                        = 2097152                                   {product} {ergonomic}
   size_t MinHeapSize                              = 8388608                                   {product} {ergonomic}
    uintx NonNMethodCodeHeapSize                   = 5832780                                {pd product} {ergonomic}
    uintx NonProfiledCodeHeapSize                  = 122912730                              {pd product} {ergonomic}
    uintx ProfiledCodeHeapSize                     = 122912730                              {pd product} {ergonomic}
    uintx ReservedCodeCacheSize                    = 251658240                              {pd product} {ergonomic}
     bool SegmentedCodeCache                       = true                                      {product} {ergonomic}
   size_t SoftMaxHeapSize                          = 4294967296                             {manageable} {ergonomic}
     bool UseCompressedClassPointers               = true                                 {lp64_product} {ergonomic}
     bool UseCompressedOops                        = true                                 {lp64_product} {ergonomic}
     bool UseG1GC                                  = true                                      {product} {ergonomic}
     bool UseLargePagesIndividualAllocation        = false                                  {pd product} {ergonomic}

Logging:
Log output configuration:
 #0: stdout all=warning uptime,level,tags
 #1: stderr all=off uptime,level,tags

Environment Variables:
JAVA_HOME=C:\Program Files\Java\jdk-11.0.2
PATH=C:\Program Files (x86)\Common Files\Oracle\Java\javapath;C:\Windows\system32;C:\Windows;C:\Windows\System32\Wbem;C:\Windows\System32\WindowsPowerShell\v1.0\;C:\Windows\System32\OpenSSH\;C:\Program Files\Docker;C:\Program Files\Java\jdk-11.0.2\bin;C:\Program Files\Git\cmd;C:\Program Files\Java\jre1.8.0_311\bin;C:\Users\team2\Downloads\allure-2.13.8\bin;C:\Users\team2\Downloads\apache-maven-3.8.4\bin;C:\Users\team3\AppData\Local\Programs\Python\Python310;C:\Users\team3\AppData\Local\Programs\Python\Python310\Scripts;C:\Users\team6\Downloads\allure-commandline-2.17.0\allure-2.17.0\bin;C:\Program Files (x86)\Microsoft SQL Server\150\DTS\Binn\;C:\Program Files\Azure Data Studio\bin;C:\Users\team6\Downloads\allure-commandline-2.17.3\allure-2.17.3\bin;C:\Users\team6\Documents\maven\apache-maven-3.8.5-bin\apache-maven-3.8.5\bin;C:\Users\team9\AppData\Local\Microsoft\WindowsApps;
USERNAME=team9
OS=Windows_NT
PROCESSOR_IDENTIFIER=Intel64 Family 6 Model 85 Stepping 4, GenuineIntel



---------------  S Y S T E M  ---------------

OS:
 Windows Server 2019 , 64 bit Build 17763 (10.0.17763.2928)
OS uptime: 10 days 5:20 hours
HyperV virtualization detected

CPU: total 4 (initial active 4) (2 cores per cpu, 2 threads per core) family 6 model 85 stepping 4 microcode 0xffffffff, cmov, cx8, fxsr, mmx, sse, sse2, sse3, ssse3, sse4.1, sse4.2, popcnt, vzeroupper, avx, avx2, aes, clmul, erms, rtm, 3dnowpref, lzcnt, ht, tsc, bmi1, bmi2, adx, fma, clflush, clflushopt

Memory: 4k page, system-wide physical 16383M (1505M free)
TotalPageFile size 20479M (AvailPageFile size 13M)
current process WorkingSet (physical memory assigned to process): 29M, peak: 29M
current process commit charge ("private bytes"): 328M, peak: 330M

vm_info: OpenJDK 64-Bit Server VM (15.0.7+4-MTS) for windows-amd64 JRE (15.0.7+4-MTS) (Zulu15.40+19-CA), built on Apr 16 2022 15:25:49 by "zulu_re" with MS VC++ 15.9 (VS2017)

END.
